TpTrace Verbose: 0 : 5512, 1, 2024/12/08, 02:53:32.488, 11668549067966, vstest.console.dll, Version: 17.11.1-release-24455-02 Current process architecture: X64
TpTrace Verbose: 0 : 5512, 1, 2024/12/08, 02:53:32.490, 11668549092529, vstest.console.dll, Runtime location: C:\Program Files\dotnet\shared\Microsoft.NETCore.App\8.0.11
TpTrace Verbose: 0 : 5512, 1, 2024/12/08, 02:53:32.494, 11668549125774, vstest.console.dll, ArtifactProcessingPostProcessModeProcessorExecutor.Initialize: ArtifactProcessingMode.Collect
TpTrace Verbose: 0 : 5512, 1, 2024/12/08, 02:53:32.494, 11668549127170, vstest.console.dll, TestSessionCorrelationIdProcessorModeProcessorExecutor.Initialize: TestSessionCorrelationId '4104_2408bd0b-239a-460e-b9b1-a244c774989e'
TpTrace Information: 0 : 5512, 1, 2024/12/08, 02:53:32.501, 11668549196266, vstest.console.dll, FilePatternParser: The given file C:\Users\Konos\OneDrive\Documents\GitHub\BookProject\BookProject.Tests\bin\Debug\net8.0\fine-code-coverage\build-output\BookProject.Tests.dll is a full path.
TpTrace Verbose: 0 : 5512, 1, 2024/12/08, 02:53:32.507, 11668549254100, vstest.console.dll, TestPluginCache.DiscoverTestExtensions: finding test extensions in assemblies ends with: RuntimeProvider.dll TPluginInfo: Microsoft.VisualStudio.TestPlatform.Common.ExtensionFramework.Utilities.TestRuntimePluginInformation TExtension: Microsoft.VisualStudio.TestPlatform.ObjectModel.Host.ITestRuntimeProvider
TpTrace Verbose: 0 : 5512, 1, 2024/12/08, 02:53:32.507, 11668549257593, vstest.console.dll, TestPluginCache.GetExtensionPaths: Filtered extension paths: 
TpTrace Verbose: 0 : 5512, 1, 2024/12/08, 02:53:32.507, 11668549258440, vstest.console.dll, TestPluginCache.GetExtensionPaths: Added default extension paths: C:\Program Files\dotnet\sdk\8.0.404\Extensions\Microsoft.Diagnostics.NETCore.Client.dll
C:\Program Files\dotnet\sdk\8.0.404\Extensions\Microsoft.TestPlatform.Extensions.BlameDataCollector.dll
C:\Program Files\dotnet\sdk\8.0.404\Extensions\Microsoft.TestPlatform.Extensions.EventLogCollector.dll
C:\Program Files\dotnet\sdk\8.0.404\Extensions\Microsoft.TestPlatform.TestHostRuntimeProvider.dll
C:\Program Files\dotnet\sdk\8.0.404\Extensions\Microsoft.VisualStudio.TestPlatform.Extensions.Html.TestLogger.dll
C:\Program Files\dotnet\sdk\8.0.404\Extensions\Microsoft.VisualStudio.TestPlatform.Extensions.Trx.TestLogger.dll
TpTrace Verbose: 0 : 5512, 1, 2024/12/08, 02:53:32.507, 11668549258665, vstest.console.dll, TestPluginCache.GetExtensionPaths: Added unfilterableExtensionPaths: 
TpTrace Information: 0 : 5512, 1, 2024/12/08, 02:53:32.508, 11668549264366, vstest.console.dll, AssemblyResolver.ctor: Creating AssemblyResolver with searchDirectories C:\Program Files\dotnet\sdk\8.0.404\Extensions,C:\Program Files\dotnet\sdk\8.0.404
TpTrace Verbose: 0 : 5512, 1, 2024/12/08, 02:53:32.509, 11668549277925, vstest.console.dll, TestPluginCache.DiscoverTestExtensions: Discovering the extensions using extension path.
TpTrace Verbose: 0 : 5512, 1, 2024/12/08, 02:53:32.509, 11668549279101, vstest.console.dll, TestPluginCache.GetExtensionPaths: Filtered extension paths: 
TpTrace Verbose: 0 : 5512, 1, 2024/12/08, 02:53:32.509, 11668549279325, vstest.console.dll, TestPluginCache.GetExtensionPaths: Added default extension paths: C:\Program Files\dotnet\sdk\8.0.404\Extensions\Microsoft.Diagnostics.NETCore.Client.dll
C:\Program Files\dotnet\sdk\8.0.404\Extensions\Microsoft.TestPlatform.Extensions.BlameDataCollector.dll
C:\Program Files\dotnet\sdk\8.0.404\Extensions\Microsoft.TestPlatform.Extensions.EventLogCollector.dll
C:\Program Files\dotnet\sdk\8.0.404\Extensions\Microsoft.TestPlatform.TestHostRuntimeProvider.dll
C:\Program Files\dotnet\sdk\8.0.404\Extensions\Microsoft.VisualStudio.TestPlatform.Extensions.Html.TestLogger.dll
C:\Program Files\dotnet\sdk\8.0.404\Extensions\Microsoft.VisualStudio.TestPlatform.Extensions.Trx.TestLogger.dll
TpTrace Verbose: 0 : 5512, 1, 2024/12/08, 02:53:32.509, 11668549279533, vstest.console.dll, TestPluginCache.GetExtensionPaths: Added unfilterableExtensionPaths: 
TpTrace Verbose: 0 : 5512, 1, 2024/12/08, 02:53:32.509, 11668549279923, vstest.console.dll, TestPluginCache.DiscoverTestExtensions: Discovering the extensions using allExtensionPaths: C:\Program Files\dotnet\sdk\8.0.404\Extensions\Microsoft.Diagnostics.NETCore.Client.dll
C:\Program Files\dotnet\sdk\8.0.404\Extensions\Microsoft.TestPlatform.Extensions.BlameDataCollector.dll
C:\Program Files\dotnet\sdk\8.0.404\Extensions\Microsoft.TestPlatform.Extensions.EventLogCollector.dll
C:\Program Files\dotnet\sdk\8.0.404\Extensions\Microsoft.TestPlatform.TestHostRuntimeProvider.dll
C:\Program Files\dotnet\sdk\8.0.404\Extensions\Microsoft.VisualStudio.TestPlatform.Extensions.Html.TestLogger.dll
C:\Program Files\dotnet\sdk\8.0.404\Extensions\Microsoft.VisualStudio.TestPlatform.Extensions.Trx.TestLogger.dll
TpTrace Information: 0 : 5512, 1, 2024/12/08, 02:53:32.509, 11668549281046, vstest.console.dll, AssemblyResolver.AddSearchDirectories: Adding more searchDirectories C:\Program Files\dotnet\sdk\8.0.404\Extensions,C:\Program Files\dotnet\sdk\8.0.404
TpTrace Information: 0 : 5512, 1, 2024/12/08, 02:53:32.509, 11668549281357, vstest.console.dll, AssemblyResolver.AddSearchDirectories: Adding more searchDirectories C:\Program Files\dotnet\sdk\8.0.404\Extensions,C:\Program Files\dotnet\sdk\8.0.404
TpTrace Information: 0 : 5512, 1, 2024/12/08, 02:53:32.509, 11668549281511, vstest.console.dll, AssemblyResolver.AddSearchDirectories: Adding more searchDirectories C:\Program Files\dotnet\sdk\8.0.404\Extensions,C:\Program Files\dotnet\sdk\8.0.404
TpTrace Information: 0 : 5512, 1, 2024/12/08, 02:53:32.509, 11668549281662, vstest.console.dll, AssemblyResolver.AddSearchDirectories: Adding more searchDirectories C:\Program Files\dotnet\sdk\8.0.404\Extensions,C:\Program Files\dotnet\sdk\8.0.404
TpTrace Information: 0 : 5512, 1, 2024/12/08, 02:53:32.509, 11668549281808, vstest.console.dll, AssemblyResolver.AddSearchDirectories: Adding more searchDirectories C:\Program Files\dotnet\sdk\8.0.404\Extensions,C:\Program Files\dotnet\sdk\8.0.404
TpTrace Information: 0 : 5512, 1, 2024/12/08, 02:53:32.509, 11668549282021, vstest.console.dll, AssemblyResolver.AddSearchDirectories: Adding more searchDirectories C:\Program Files\dotnet\sdk\8.0.404\Extensions,C:\Program Files\dotnet\sdk\8.0.404
TpTrace Information: 0 : 5512, 1, 2024/12/08, 02:53:32.510, 11668549286001, vstest.console.dll, AssemblyResolver.OnResolve: Microsoft.Diagnostics.NETCore.Client: Resolving assembly.
TpTrace Information: 0 : 5512, 1, 2024/12/08, 02:53:32.510, 11668549286544, vstest.console.dll, AssemblyResolver.OnResolve: Microsoft.Diagnostics.NETCore.Client: Searching in: 'C:\Program Files\dotnet\sdk\8.0.404\Extensions'.
TpTrace Information: 0 : 5512, 1, 2024/12/08, 02:53:32.516, 11668549346797, vstest.console.dll, AssemblyResolver.OnResolve: Microsoft.Diagnostics.NETCore.Client: Loading assembly 'C:\Program Files\dotnet\sdk\8.0.404\Extensions\Microsoft.Diagnostics.NETCore.Client.dll'.
TpTrace Information: 0 : 5512, 1, 2024/12/08, 02:53:32.517, 11668549356068, vstest.console.dll, AssemblyResolver.OnResolve: Resolved assembly: Microsoft.Diagnostics.NETCore.Client, from path: C:\Program Files\dotnet\sdk\8.0.404\Extensions\Microsoft.Diagnostics.NETCore.Client.dll
TpTrace Verbose: 0 : 5512, 1, 2024/12/08, 02:53:32.521, 11668549396734, vstest.console.dll, MetadataReaderExtensionsHelper: Discovering extensions inside assembly 'Microsoft.Diagnostics.NETCore.Client, Version=0.2.10.30701, Culture=neutral, PublicKeyToken=31bf3856ad364e35' file path 'C:\Program Files\dotnet\sdk\8.0.404\Extensions\Microsoft.Diagnostics.NETCore.Client.dll'
TpTrace Information: 0 : 5512, 1, 2024/12/08, 02:53:32.524, 11668549429970, vstest.console.dll, AssemblyResolver.OnResolve: Microsoft.Bcl.AsyncInterfaces: Resolving assembly.
TpTrace Information: 0 : 5512, 1, 2024/12/08, 02:53:32.524, 11668549430791, vstest.console.dll, AssemblyResolver.OnResolve: Microsoft.Bcl.AsyncInterfaces: Searching in: 'C:\Program Files\dotnet\sdk\8.0.404\Extensions'.
TpTrace Information: 0 : 5512, 1, 2024/12/08, 02:53:32.524, 11668549431388, vstest.console.dll, AssemblyResolver.OnResolve: Microsoft.Bcl.AsyncInterfaces: Assembly path does not exist: 'C:\Program Files\dotnet\sdk\8.0.404\Extensions\Microsoft.Bcl.AsyncInterfaces.dll', returning.
TpTrace Information: 0 : 5512, 1, 2024/12/08, 02:53:32.524, 11668549432072, vstest.console.dll, AssemblyResolver.OnResolve: Microsoft.Bcl.AsyncInterfaces: Assembly path does not exist: 'C:\Program Files\dotnet\sdk\8.0.404\Extensions\Microsoft.Bcl.AsyncInterfaces.exe', returning.
TpTrace Information: 0 : 5512, 1, 2024/12/08, 02:53:32.524, 11668549432277, vstest.console.dll, AssemblyResolver.OnResolve: Microsoft.Bcl.AsyncInterfaces: Searching in: 'C:\Program Files\dotnet\sdk\8.0.404'.
TpTrace Information: 0 : 5512, 1, 2024/12/08, 02:53:32.525, 11668549432630, vstest.console.dll, AssemblyResolver.OnResolve: Microsoft.Bcl.AsyncInterfaces: Assembly path does not exist: 'C:\Program Files\dotnet\sdk\8.0.404\Microsoft.Bcl.AsyncInterfaces.dll', returning.
TpTrace Information: 0 : 5512, 1, 2024/12/08, 02:53:32.525, 11668549432946, vstest.console.dll, AssemblyResolver.OnResolve: Microsoft.Bcl.AsyncInterfaces: Assembly path does not exist: 'C:\Program Files\dotnet\sdk\8.0.404\Microsoft.Bcl.AsyncInterfaces.exe', returning.
TpTrace Information: 0 : 5512, 1, 2024/12/08, 02:53:32.525, 11668549433088, vstest.console.dll, AssemblyResolver.OnResolve: Microsoft.Bcl.AsyncInterfaces: Failed to load assembly.
TpTrace Verbose: 0 : 5512, 1, 2024/12/08, 02:53:32.525, 11668549433322, vstest.console.dll, CurrentDomainAssemblyResolve: Resolving assembly 'Microsoft.Bcl.AsyncInterfaces'.
TpTrace Information: 0 : 5512, 1, 2024/12/08, 02:53:32.525, 11668549433707, vstest.console.dll, AssemblyResolver.OnResolve: Microsoft.Bcl.AsyncInterfaces: Resolving assembly.
TpTrace Information: 0 : 5512, 1, 2024/12/08, 02:53:32.525, 11668549433917, vstest.console.dll, AssemblyResolver.OnResolve: Microsoft.Bcl.AsyncInterfaces: Resolved from cache.
TpTrace Verbose: 0 : 5512, 1, 2024/12/08, 02:53:32.525, 11668549434104, vstest.console.dll, CurrentDomainAssemblyResolve: Resolving assembly 'Microsoft.Bcl.AsyncInterfaces'.
TpTrace Verbose: 0 : 5512, 1, 2024/12/08, 02:53:32.525, 11668549434297, vstest.console.dll, CurrentDomainAssemblyResolve: Failed to resolve assembly 'Microsoft.Bcl.AsyncInterfaces'.
TpTrace Verbose: 0 : 5512, 1, 2024/12/08, 02:53:32.525, 11668549438899, vstest.console.dll, CurrentDomainAssemblyResolve: Failed to resolve assembly 'Microsoft.Bcl.AsyncInterfaces'.
TpTrace Warning: 0 : 5512, 1, 2024/12/08, 02:53:32.533, 11668549518367, vstest.console.dll, TestPluginDiscoverer: Failed to get types from assembly 'Microsoft.Diagnostics.NETCore.Client, Version=0.2.10.30701, Culture=neutral, PublicKeyToken=31bf3856ad364e35'. Error: System.Reflection.ReflectionTypeLoadException: Unable to load one or more of the requested types.
Could not load file or assembly 'Microsoft.Bcl.AsyncInterfaces, Version=6.0.0.0, Culture=neutral, PublicKeyToken=cc7b13ffcd2ddd51'. The system cannot find the file specified.
   at System.Reflection.RuntimeModule.GetTypes(RuntimeModule module)
   at System.Reflection.RuntimeModule.GetTypes()
   at Microsoft.VisualStudio.TestPlatform.Common.ExtensionFramework.TestPluginDiscoverer.GetTestExtensionsFromAssembly[TPluginInfo,TExtension](Assembly assembly, Dictionary`2 pluginInfos, String filePath) in /_/src/Microsoft.TestPlatform.Common/ExtensionFramework/TestPluginDiscoverer.cs:line 158
System.IO.FileNotFoundException: Could not load file or assembly 'Microsoft.Bcl.AsyncInterfaces, Version=6.0.0.0, Culture=neutral, PublicKeyToken=cc7b13ffcd2ddd51'. The system cannot find the file specified.
File name: 'Microsoft.Bcl.AsyncInterfaces, Version=6.0.0.0, Culture=neutral, PublicKeyToken=cc7b13ffcd2ddd51'
 ---> System.IO.FileNotFoundException: Could not load file or assembly 'Microsoft.Bcl.AsyncInterfaces, Culture=neutral, PublicKeyToken=null'. The system cannot find the file specified.
File name: 'Microsoft.Bcl.AsyncInterfaces, Culture=neutral, PublicKeyToken=null'
   at System.Reflection.RuntimeAssembly.InternalLoad(AssemblyName assemblyName, StackCrawlMark& stackMark, AssemblyLoadContext assemblyLoadContext, RuntimeAssembly requestingAssembly, Boolean throwOnFileNotFound)
   at System.Reflection.Assembly.Load(AssemblyName assemblyRef)
   at Microsoft.VisualStudio.TestPlatform.Common.ExtensionFramework.TestPluginCache.CurrentDomainAssemblyResolve(Object sender, AssemblyResolveEventArgs args) in /_/src/Microsoft.TestPlatform.Common/ExtensionFramework/TestPluginCache.cs:line 513
   at System.Runtime.Loader.AssemblyLoadContext.GetFirstResolvedAssemblyFromResolvingEvent(AssemblyName assemblyName)
   at System.Runtime.Loader.AssemblyLoadContext.ResolveUsingEvent(AssemblyName assemblyName)
   at System.Runtime.Loader.AssemblyLoadContext.ResolveUsingResolvingEvent(IntPtr gchManagedAssemblyLoadContext, AssemblyName assemblyName)
TpTrace Warning: 0 : 5512, 1, 2024/12/08, 02:53:32.533, 11668549521246, vstest.console.dll, LoaderExceptions: System.IO.FileNotFoundException: Could not load file or assembly 'Microsoft.Bcl.AsyncInterfaces, Version=6.0.0.0, Culture=neutral, PublicKeyToken=cc7b13ffcd2ddd51'. The system cannot find the file specified.
File name: 'Microsoft.Bcl.AsyncInterfaces, Version=6.0.0.0, Culture=neutral, PublicKeyToken=cc7b13ffcd2ddd51'
 ---> System.IO.FileNotFoundException: Could not load file or assembly 'Microsoft.Bcl.AsyncInterfaces, Culture=neutral, PublicKeyToken=null'. The system cannot find the file specified.
File name: 'Microsoft.Bcl.AsyncInterfaces, Culture=neutral, PublicKeyToken=null'
   at System.Reflection.RuntimeAssembly.InternalLoad(AssemblyName assemblyName, StackCrawlMark& stackMark, AssemblyLoadContext assemblyLoadContext, RuntimeAssembly requestingAssembly, Boolean throwOnFileNotFound)
   at System.Reflection.Assembly.Load(AssemblyName assemblyRef)
   at Microsoft.VisualStudio.TestPlatform.Common.ExtensionFramework.TestPluginCache.CurrentDomainAssemblyResolve(Object sender, AssemblyResolveEventArgs args) in /_/src/Microsoft.TestPlatform.Common/ExtensionFramework/TestPluginCache.cs:line 513
   at System.Runtime.Loader.AssemblyLoadContext.GetFirstResolvedAssemblyFromResolvingEvent(AssemblyName assemblyName)
   at System.Runtime.Loader.AssemblyLoadContext.ResolveUsingEvent(AssemblyName assemblyName)
   at System.Runtime.Loader.AssemblyLoadContext.ResolveUsingResolvingEvent(IntPtr gchManagedAssemblyLoadContext, AssemblyName assemblyName)
TpTrace Information: 0 : 5512, 1, 2024/12/08, 02:53:32.533, 11668549522426, vstest.console.dll, AssemblyResolver.OnResolve: Microsoft.TestPlatform.Extensions.BlameDataCollector: Resolving assembly.
TpTrace Information: 0 : 5512, 1, 2024/12/08, 02:53:32.534, 11668549522747, vstest.console.dll, AssemblyResolver.OnResolve: Microsoft.TestPlatform.Extensions.BlameDataCollector: Searching in: 'C:\Program Files\dotnet\sdk\8.0.404\Extensions'.
TpTrace Information: 0 : 5512, 1, 2024/12/08, 02:53:32.534, 11668549528271, vstest.console.dll, AssemblyResolver.OnResolve: Microsoft.TestPlatform.Extensions.BlameDataCollector: Loading assembly 'C:\Program Files\dotnet\sdk\8.0.404\Extensions\Microsoft.TestPlatform.Extensions.BlameDataCollector.dll'.
TpTrace Information: 0 : 5512, 1, 2024/12/08, 02:53:32.535, 11668549534367, vstest.console.dll, AssemblyResolver.OnResolve: Resolved assembly: Microsoft.TestPlatform.Extensions.BlameDataCollector, from path: C:\Program Files\dotnet\sdk\8.0.404\Extensions\Microsoft.TestPlatform.Extensions.BlameDataCollector.dll
TpTrace Verbose: 0 : 5512, 1, 2024/12/08, 02:53:32.535, 11668549535123, vstest.console.dll, MetadataReaderExtensionsHelper: Discovering extensions inside assembly 'Microsoft.TestPlatform.Extensions.BlameDataCollector, Version=15.0.0.0, Culture=neutral, PublicKeyToken=b03f5f7f11d50a3a' file path 'C:\Program Files\dotnet\sdk\8.0.404\Extensions\Microsoft.TestPlatform.Extensions.BlameDataCollector.dll'
TpTrace Information: 0 : 5512, 1, 2024/12/08, 02:53:32.536, 11668549547351, vstest.console.dll, AssemblyResolver.OnResolve: Microsoft.TestPlatform.Extensions.EventLogCollector: Resolving assembly.
TpTrace Information: 0 : 5512, 1, 2024/12/08, 02:53:32.536, 11668549547923, vstest.console.dll, AssemblyResolver.OnResolve: Microsoft.TestPlatform.Extensions.EventLogCollector: Searching in: 'C:\Program Files\dotnet\sdk\8.0.404\Extensions'.
TpTrace Information: 0 : 5512, 1, 2024/12/08, 02:53:32.536, 11668549551967, vstest.console.dll, AssemblyResolver.OnResolve: Microsoft.TestPlatform.Extensions.EventLogCollector: Loading assembly 'C:\Program Files\dotnet\sdk\8.0.404\Extensions\Microsoft.TestPlatform.Extensions.EventLogCollector.dll'.
TpTrace Information: 0 : 5512, 1, 2024/12/08, 02:53:32.537, 11668549556915, vstest.console.dll, AssemblyResolver.OnResolve: Resolved assembly: Microsoft.TestPlatform.Extensions.EventLogCollector, from path: C:\Program Files\dotnet\sdk\8.0.404\Extensions\Microsoft.TestPlatform.Extensions.EventLogCollector.dll
TpTrace Verbose: 0 : 5512, 1, 2024/12/08, 02:53:32.537, 11668549557470, vstest.console.dll, MetadataReaderExtensionsHelper: Discovering extensions inside assembly 'Microsoft.TestPlatform.Extensions.EventLogCollector, Version=15.0.0.0, Culture=neutral, PublicKeyToken=b03f5f7f11d50a3a' file path 'C:\Program Files\dotnet\sdk\8.0.404\Extensions\Microsoft.TestPlatform.Extensions.EventLogCollector.dll'
TpTrace Information: 0 : 5512, 1, 2024/12/08, 02:53:32.539, 11668549574653, vstest.console.dll, AssemblyResolver.OnResolve: Microsoft.TestPlatform.TestHostRuntimeProvider: Resolving assembly.
TpTrace Information: 0 : 5512, 1, 2024/12/08, 02:53:32.539, 11668549575178, vstest.console.dll, AssemblyResolver.OnResolve: Microsoft.TestPlatform.TestHostRuntimeProvider: Searching in: 'C:\Program Files\dotnet\sdk\8.0.404\Extensions'.
TpTrace Information: 0 : 5512, 1, 2024/12/08, 02:53:32.539, 11668549578451, vstest.console.dll, AssemblyResolver.OnResolve: Microsoft.TestPlatform.TestHostRuntimeProvider: Loading assembly 'C:\Program Files\dotnet\sdk\8.0.404\Extensions\Microsoft.TestPlatform.TestHostRuntimeProvider.dll'.
TpTrace Information: 0 : 5512, 1, 2024/12/08, 02:53:32.539, 11668549582025, vstest.console.dll, AssemblyResolver.OnResolve: Resolved assembly: Microsoft.TestPlatform.TestHostRuntimeProvider, from path: C:\Program Files\dotnet\sdk\8.0.404\Extensions\Microsoft.TestPlatform.TestHostRuntimeProvider.dll
TpTrace Verbose: 0 : 5512, 1, 2024/12/08, 02:53:32.539, 11668549582590, vstest.console.dll, MetadataReaderExtensionsHelper: Discovering extensions inside assembly 'Microsoft.TestPlatform.TestHostRuntimeProvider, Version=15.0.0.0, Culture=neutral, PublicKeyToken=b03f5f7f11d50a3a' file path 'C:\Program Files\dotnet\sdk\8.0.404\Extensions\Microsoft.TestPlatform.TestHostRuntimeProvider.dll'
TpTrace Information: 0 : 5512, 1, 2024/12/08, 02:53:32.541, 11668549595917, vstest.console.dll, GetTestExtensionFromType: Register extension with identifier data 'HostProvider://DefaultTestHost' and type 'Microsoft.VisualStudio.TestPlatform.CrossPlatEngine.Hosting.DefaultTestHostManager, Microsoft.TestPlatform.TestHostRuntimeProvider, Version=15.0.0.0, Culture=neutral, PublicKeyToken=b03f5f7f11d50a3a' inside file 'C:\Program Files\dotnet\sdk\8.0.404\Extensions\Microsoft.TestPlatform.TestHostRuntimeProvider.dll'
TpTrace Information: 0 : 5512, 1, 2024/12/08, 02:53:32.541, 11668549598181, vstest.console.dll, GetTestExtensionFromType: Register extension with identifier data 'HostProvider://DotnetTestHost' and type 'Microsoft.VisualStudio.TestPlatform.CrossPlatEngine.Hosting.DotnetTestHostManager, Microsoft.TestPlatform.TestHostRuntimeProvider, Version=15.0.0.0, Culture=neutral, PublicKeyToken=b03f5f7f11d50a3a' inside file 'C:\Program Files\dotnet\sdk\8.0.404\Extensions\Microsoft.TestPlatform.TestHostRuntimeProvider.dll'
TpTrace Information: 0 : 5512, 1, 2024/12/08, 02:53:32.541, 11668549598788, vstest.console.dll, AssemblyResolver.OnResolve: Microsoft.VisualStudio.TestPlatform.Extensions.Html.TestLogger: Resolving assembly.
TpTrace Information: 0 : 5512, 1, 2024/12/08, 02:53:32.541, 11668549599060, vstest.console.dll, AssemblyResolver.OnResolve: Microsoft.VisualStudio.TestPlatform.Extensions.Html.TestLogger: Searching in: 'C:\Program Files\dotnet\sdk\8.0.404\Extensions'.
TpTrace Information: 0 : 5512, 1, 2024/12/08, 02:53:32.542, 11668549603558, vstest.console.dll, AssemblyResolver.OnResolve: Microsoft.VisualStudio.TestPlatform.Extensions.Html.TestLogger: Loading assembly 'C:\Program Files\dotnet\sdk\8.0.404\Extensions\Microsoft.VisualStudio.TestPlatform.Extensions.Html.TestLogger.dll'.
TpTrace Information: 0 : 5512, 1, 2024/12/08, 02:53:32.542, 11668549608050, vstest.console.dll, AssemblyResolver.OnResolve: Resolved assembly: Microsoft.VisualStudio.TestPlatform.Extensions.Html.TestLogger, from path: C:\Program Files\dotnet\sdk\8.0.404\Extensions\Microsoft.VisualStudio.TestPlatform.Extensions.Html.TestLogger.dll
TpTrace Verbose: 0 : 5512, 1, 2024/12/08, 02:53:32.542, 11668549608889, vstest.console.dll, MetadataReaderExtensionsHelper: Discovering extensions inside assembly 'Microsoft.VisualStudio.TestPlatform.Extensions.Html.TestLogger, Version=15.0.0.0, Culture=neutral, PublicKeyToken=b03f5f7f11d50a3a' file path 'C:\Program Files\dotnet\sdk\8.0.404\Extensions\Microsoft.VisualStudio.TestPlatform.Extensions.Html.TestLogger.dll'
TpTrace Information: 0 : 5512, 1, 2024/12/08, 02:53:32.543, 11668549616696, vstest.console.dll, AssemblyResolver.OnResolve: Microsoft.VisualStudio.TestPlatform.Extensions.Trx.TestLogger: Resolving assembly.
TpTrace Information: 0 : 5512, 1, 2024/12/08, 02:53:32.543, 11668549617179, vstest.console.dll, AssemblyResolver.OnResolve: Microsoft.VisualStudio.TestPlatform.Extensions.Trx.TestLogger: Searching in: 'C:\Program Files\dotnet\sdk\8.0.404\Extensions'.
TpTrace Information: 0 : 5512, 1, 2024/12/08, 02:53:32.543, 11668549620481, vstest.console.dll, AssemblyResolver.OnResolve: Microsoft.VisualStudio.TestPlatform.Extensions.Trx.TestLogger: Loading assembly 'C:\Program Files\dotnet\sdk\8.0.404\Extensions\Microsoft.VisualStudio.TestPlatform.Extensions.Trx.TestLogger.dll'.
TpTrace Information: 0 : 5512, 1, 2024/12/08, 02:53:32.544, 11668549624564, vstest.console.dll, AssemblyResolver.OnResolve: Resolved assembly: Microsoft.VisualStudio.TestPlatform.Extensions.Trx.TestLogger, from path: C:\Program Files\dotnet\sdk\8.0.404\Extensions\Microsoft.VisualStudio.TestPlatform.Extensions.Trx.TestLogger.dll
TpTrace Verbose: 0 : 5512, 1, 2024/12/08, 02:53:32.544, 11668549625104, vstest.console.dll, MetadataReaderExtensionsHelper: Discovering extensions inside assembly 'Microsoft.VisualStudio.TestPlatform.Extensions.Trx.TestLogger, Version=15.0.0.0, Culture=neutral, PublicKeyToken=b03f5f7f11d50a3a' file path 'C:\Program Files\dotnet\sdk\8.0.404\Extensions\Microsoft.VisualStudio.TestPlatform.Extensions.Trx.TestLogger.dll'
TpTrace Verbose: 0 : 5512, 1, 2024/12/08, 02:53:32.545, 11668549634028, vstest.console.dll, TestPluginCache: Discovered the extensions using extension path ''.
TpTrace Verbose: 0 : 5512, 1, 2024/12/08, 02:53:32.545, 11668549634530, vstest.console.dll, TestPluginCache: Discoverers are ''.
TpTrace Verbose: 0 : 5512, 1, 2024/12/08, 02:53:32.545, 11668549634674, vstest.console.dll, TestPluginCache: Executors are ''.
TpTrace Verbose: 0 : 5512, 1, 2024/12/08, 02:53:32.545, 11668549634802, vstest.console.dll, TestPluginCache: Executors2 are ''.
TpTrace Verbose: 0 : 5512, 1, 2024/12/08, 02:53:32.545, 11668549634987, vstest.console.dll, TestPluginCache: Setting providers are ''.
TpTrace Verbose: 0 : 5512, 1, 2024/12/08, 02:53:32.545, 11668549635117, vstest.console.dll, TestPluginCache: Loggers are ''.
TpTrace Verbose: 0 : 5512, 1, 2024/12/08, 02:53:32.545, 11668549636484, vstest.console.dll, TestPluginCache: TestHosts are 'HostProvider://DefaultTestHost,HostProvider://DotnetTestHost'.
TpTrace Verbose: 0 : 5512, 1, 2024/12/08, 02:53:32.545, 11668549636680, vstest.console.dll, TestPluginCache: DataCollectors are ''.
TpTrace Information: 0 : 5512, 1, 2024/12/08, 02:53:32.555, 11668549737107, vstest.console.dll, RunTestsArgumentProcessor:Execute: Test run is starting.
TpTrace Verbose: 0 : 5512, 1, 2024/12/08, 02:53:32.555, 11668549737929, vstest.console.dll, RunTestsArgumentProcessor:Execute: Queuing Test run.
TpTrace Information: 0 : 5512, 1, 2024/12/08, 02:53:32.555, 11668549739482, vstest.console.dll, TestRequestManager.RunTests: run tests started.
TpTrace Information: 0 : 5512, 1, 2024/12/08, 02:53:32.556, 11668549748921, vstest.console.dll, AssemblyMetadataProvider.GetFrameworkName: Determined framework:'.NETCoreApp,Version=v8.0' for source: 'C:\Users\Konos\OneDrive\Documents\GitHub\BookProject\BookProject.Tests\bin\Debug\net8.0\fine-code-coverage\build-output\BookProject.Tests.dll'
TpTrace Information: 0 : 5512, 1, 2024/12/08, 02:53:32.556, 11668549750246, vstest.console.dll, Determined framework for all sources: .NETCoreApp,Version=v8.0
TpTrace Verbose: 0 : 5512, 1, 2024/12/08, 02:53:32.556, 11668549752590, vstest.console.dll, TestRequestManager.UpdateRunSettingsIfRequired: Default architecture: X64 IsDefaultTargetArchitecture: True, Current process architecture: X64 OperatingSystem: Windows.
TpTrace Information: 0 : 5512, 1, 2024/12/08, 02:53:32.558, 11668549765066, vstest.console.dll, AssemblyMetadataProvider.GetArchitecture: Determined architecture:AnyCPU info for assembly: C:\Users\Konos\OneDrive\Documents\GitHub\BookProject\BookProject.Tests\bin\Debug\net8.0\fine-code-coverage\build-output\BookProject.Tests.dll
TpTrace Information: 0 : 5512, 1, 2024/12/08, 02:53:32.558, 11668549765531, vstest.console.dll, Determined platform for source 'C:\Users\Konos\OneDrive\Documents\GitHub\BookProject\BookProject.Tests\bin\Debug\net8.0\fine-code-coverage\build-output\BookProject.Tests.dll' was AnyCPU and it will use the default plaform X64.
TpTrace Information: 0 : 5512, 1, 2024/12/08, 02:53:32.558, 11668549765742, vstest.console.dll, None of the sources provided any runnable platform, using the default platform: X64
TpTrace Information: 0 : 5512, 1, 2024/12/08, 02:53:32.558, 11668549766366, vstest.console.dll, Platform was updated to 'X64'.
TpTrace Information: 0 : 5512, 1, 2024/12/08, 02:53:32.560, 11668549790726, vstest.console.dll, InferRunSettingsHelper.IsTestSettingsEnabled: Unable to navigate to RunSettings/MSTest. Current node: RunSettings
TpTrace Information: 0 : 5512, 1, 2024/12/08, 02:53:32.561, 11668549795594, vstest.console.dll, AssemblyResolver.OnResolve: Microsoft.VisualStudio.TestPlatform.Fakes: Resolving assembly.
TpTrace Information: 0 : 5512, 1, 2024/12/08, 02:53:32.561, 11668549796158, vstest.console.dll, AssemblyResolver.OnResolve: Microsoft.VisualStudio.TestPlatform.Fakes: Searching in: 'C:\Program Files\dotnet\sdk\8.0.404\Extensions'.
TpTrace Information: 0 : 5512, 1, 2024/12/08, 02:53:32.561, 11668549796821, vstest.console.dll, AssemblyResolver.OnResolve: Microsoft.VisualStudio.TestPlatform.Fakes: Assembly path does not exist: 'C:\Program Files\dotnet\sdk\8.0.404\Extensions\Microsoft.VisualStudio.TestPlatform.Fakes.dll', returning.
TpTrace Information: 0 : 5512, 1, 2024/12/08, 02:53:32.561, 11668549797139, vstest.console.dll, AssemblyResolver.OnResolve: Microsoft.VisualStudio.TestPlatform.Fakes: Assembly path does not exist: 'C:\Program Files\dotnet\sdk\8.0.404\Extensions\Microsoft.VisualStudio.TestPlatform.Fakes.exe', returning.
TpTrace Information: 0 : 5512, 1, 2024/12/08, 02:53:32.561, 11668549797284, vstest.console.dll, AssemblyResolver.OnResolve: Microsoft.VisualStudio.TestPlatform.Fakes: Searching in: 'C:\Program Files\dotnet\sdk\8.0.404'.
TpTrace Information: 0 : 5512, 1, 2024/12/08, 02:53:32.561, 11668549797639, vstest.console.dll, AssemblyResolver.OnResolve: Microsoft.VisualStudio.TestPlatform.Fakes: Assembly path does not exist: 'C:\Program Files\dotnet\sdk\8.0.404\Microsoft.VisualStudio.TestPlatform.Fakes.dll', returning.
TpTrace Information: 0 : 5512, 1, 2024/12/08, 02:53:32.561, 11668549797952, vstest.console.dll, AssemblyResolver.OnResolve: Microsoft.VisualStudio.TestPlatform.Fakes: Assembly path does not exist: 'C:\Program Files\dotnet\sdk\8.0.404\Microsoft.VisualStudio.TestPlatform.Fakes.exe', returning.
TpTrace Information: 0 : 5512, 1, 2024/12/08, 02:53:32.561, 11668549798091, vstest.console.dll, AssemblyResolver.OnResolve: Microsoft.VisualStudio.TestPlatform.Fakes: Failed to load assembly.
TpTrace Information: 0 : 5512, 1, 2024/12/08, 02:53:32.561, 11668549800139, vstest.console.dll, Failed to load assembly Microsoft.VisualStudio.TestPlatform.Fakes, Version=17.0.0.0, Culture=neutral. Reason:System.IO.FileNotFoundException: Could not load file or assembly 'Microsoft.VisualStudio.TestPlatform.Fakes, Version=17.0.0.0, Culture=neutral, PublicKeyToken=null'. The system cannot find the file specified.
File name: 'Microsoft.VisualStudio.TestPlatform.Fakes, Version=17.0.0.0, Culture=neutral, PublicKeyToken=null'
   at System.Reflection.RuntimeAssembly.InternalLoad(AssemblyName assemblyName, StackCrawlMark& stackMark, AssemblyLoadContext assemblyLoadContext, RuntimeAssembly requestingAssembly, Boolean throwOnFileNotFound)
   at System.Reflection.Assembly.Load(AssemblyName assemblyRef)
   at Microsoft.VisualStudio.TestPlatform.Common.Utilities.FakesUtilities.LoadTestPlatformAssembly() in /_/src/Microsoft.TestPlatform.Common/Utilities/FakesUtilities.cs:line 272
TpTrace Verbose: 0 : 5512, 1, 2024/12/08, 02:53:32.564, 11668549825334, vstest.console.dll, TestPluginCache.DiscoverTestExtensions: finding test extensions in assemblies ends with: TestLogger.dll TPluginInfo: Microsoft.VisualStudio.TestPlatform.Common.ExtensionFramework.Utilities.TestLoggerPluginInformation TExtension: Microsoft.VisualStudio.TestPlatform.ObjectModel.Client.ITestLogger
TpTrace Verbose: 0 : 5512, 1, 2024/12/08, 02:53:32.564, 11668549826115, vstest.console.dll, TestPluginCache.GetExtensionPaths: Filtered extension paths: 
TpTrace Verbose: 0 : 5512, 1, 2024/12/08, 02:53:32.564, 11668549826323, vstest.console.dll, TestPluginCache.GetExtensionPaths: Added default extension paths: C:\Program Files\dotnet\sdk\8.0.404\Extensions\Microsoft.Diagnostics.NETCore.Client.dll
C:\Program Files\dotnet\sdk\8.0.404\Extensions\Microsoft.TestPlatform.Extensions.BlameDataCollector.dll
C:\Program Files\dotnet\sdk\8.0.404\Extensions\Microsoft.TestPlatform.Extensions.EventLogCollector.dll
C:\Program Files\dotnet\sdk\8.0.404\Extensions\Microsoft.TestPlatform.TestHostRuntimeProvider.dll
C:\Program Files\dotnet\sdk\8.0.404\Extensions\Microsoft.VisualStudio.TestPlatform.Extensions.Html.TestLogger.dll
C:\Program Files\dotnet\sdk\8.0.404\Extensions\Microsoft.VisualStudio.TestPlatform.Extensions.Trx.TestLogger.dll
TpTrace Verbose: 0 : 5512, 1, 2024/12/08, 02:53:32.564, 11668549826475, vstest.console.dll, TestPluginCache.GetExtensionPaths: Added unfilterableExtensionPaths: 
TpTrace Information: 0 : 5512, 1, 2024/12/08, 02:53:32.564, 11668549827387, vstest.console.dll, AssemblyResolver.AddSearchDirectories: Adding more searchDirectories C:\Program Files\dotnet\sdk\8.0.404\Extensions,C:\Program Files\dotnet\sdk\8.0.404
TpTrace Verbose: 0 : 5512, 1, 2024/12/08, 02:53:32.564, 11668549827621, vstest.console.dll, TestPluginCache.DiscoverTestExtensions: Discovering the extensions using extension path.
TpTrace Verbose: 0 : 5512, 1, 2024/12/08, 02:53:32.564, 11668549827792, vstest.console.dll, TestPluginCache.GetExtensionPaths: Filtered extension paths: 
TpTrace Verbose: 0 : 5512, 1, 2024/12/08, 02:53:32.564, 11668549827974, vstest.console.dll, TestPluginCache.GetExtensionPaths: Added default extension paths: C:\Program Files\dotnet\sdk\8.0.404\Extensions\Microsoft.Diagnostics.NETCore.Client.dll
C:\Program Files\dotnet\sdk\8.0.404\Extensions\Microsoft.TestPlatform.Extensions.BlameDataCollector.dll
C:\Program Files\dotnet\sdk\8.0.404\Extensions\Microsoft.TestPlatform.Extensions.EventLogCollector.dll
C:\Program Files\dotnet\sdk\8.0.404\Extensions\Microsoft.TestPlatform.TestHostRuntimeProvider.dll
C:\Program Files\dotnet\sdk\8.0.404\Extensions\Microsoft.VisualStudio.TestPlatform.Extensions.Html.TestLogger.dll
C:\Program Files\dotnet\sdk\8.0.404\Extensions\Microsoft.VisualStudio.TestPlatform.Extensions.Trx.TestLogger.dll
TpTrace Verbose: 0 : 5512, 1, 2024/12/08, 02:53:32.564, 11668549828122, vstest.console.dll, TestPluginCache.GetExtensionPaths: Added unfilterableExtensionPaths: 
TpTrace Verbose: 0 : 5512, 1, 2024/12/08, 02:53:32.564, 11668549828300, vstest.console.dll, TestPluginCache.DiscoverTestExtensions: Discovering the extensions using allExtensionPaths: C:\Program Files\dotnet\sdk\8.0.404\Extensions\Microsoft.Diagnostics.NETCore.Client.dll
C:\Program Files\dotnet\sdk\8.0.404\Extensions\Microsoft.TestPlatform.Extensions.BlameDataCollector.dll
C:\Program Files\dotnet\sdk\8.0.404\Extensions\Microsoft.TestPlatform.Extensions.EventLogCollector.dll
C:\Program Files\dotnet\sdk\8.0.404\Extensions\Microsoft.TestPlatform.TestHostRuntimeProvider.dll
C:\Program Files\dotnet\sdk\8.0.404\Extensions\Microsoft.VisualStudio.TestPlatform.Extensions.Html.TestLogger.dll
C:\Program Files\dotnet\sdk\8.0.404\Extensions\Microsoft.VisualStudio.TestPlatform.Extensions.Trx.TestLogger.dll
TpTrace Information: 0 : 5512, 1, 2024/12/08, 02:53:32.564, 11668549828537, vstest.console.dll, AssemblyResolver.AddSearchDirectories: Adding more searchDirectories C:\Program Files\dotnet\sdk\8.0.404\Extensions,C:\Program Files\dotnet\sdk\8.0.404
TpTrace Information: 0 : 5512, 1, 2024/12/08, 02:53:32.564, 11668549828728, vstest.console.dll, AssemblyResolver.AddSearchDirectories: Adding more searchDirectories C:\Program Files\dotnet\sdk\8.0.404\Extensions,C:\Program Files\dotnet\sdk\8.0.404
TpTrace Information: 0 : 5512, 1, 2024/12/08, 02:53:32.564, 11668549828873, vstest.console.dll, AssemblyResolver.AddSearchDirectories: Adding more searchDirectories C:\Program Files\dotnet\sdk\8.0.404\Extensions,C:\Program Files\dotnet\sdk\8.0.404
TpTrace Information: 0 : 5512, 1, 2024/12/08, 02:53:32.564, 11668549829180, vstest.console.dll, AssemblyResolver.AddSearchDirectories: Adding more searchDirectories C:\Program Files\dotnet\sdk\8.0.404\Extensions,C:\Program Files\dotnet\sdk\8.0.404
TpTrace Information: 0 : 5512, 1, 2024/12/08, 02:53:32.564, 11668549829350, vstest.console.dll, AssemblyResolver.AddSearchDirectories: Adding more searchDirectories C:\Program Files\dotnet\sdk\8.0.404\Extensions,C:\Program Files\dotnet\sdk\8.0.404
TpTrace Information: 0 : 5512, 1, 2024/12/08, 02:53:32.564, 11668549829532, vstest.console.dll, AssemblyResolver.AddSearchDirectories: Adding more searchDirectories C:\Program Files\dotnet\sdk\8.0.404\Extensions,C:\Program Files\dotnet\sdk\8.0.404
TpTrace Verbose: 0 : 5512, 1, 2024/12/08, 02:53:32.564, 11668549830331, vstest.console.dll, MetadataReaderExtensionsHelper: Discovering extensions inside assembly 'Microsoft.Diagnostics.NETCore.Client, Version=0.2.10.30701, Culture=neutral, PublicKeyToken=31bf3856ad364e35' file path 'C:\Program Files\dotnet\sdk\8.0.404\Extensions\Microsoft.Diagnostics.NETCore.Client.dll'
TpTrace Information: 0 : 5512, 1, 2024/12/08, 02:53:32.565, 11668549838751, vstest.console.dll, AssemblyResolver.OnResolve: Microsoft.Bcl.AsyncInterfaces: Resolving assembly.
TpTrace Information: 0 : 5512, 1, 2024/12/08, 02:53:32.565, 11668549839365, vstest.console.dll, AssemblyResolver.OnResolve: Microsoft.Bcl.AsyncInterfaces: Resolved from cache.
TpTrace Verbose: 0 : 5512, 1, 2024/12/08, 02:53:32.565, 11668549839615, vstest.console.dll, CurrentDomainAssemblyResolve: Resolving assembly 'Microsoft.Bcl.AsyncInterfaces'.
TpTrace Information: 0 : 5512, 1, 2024/12/08, 02:53:32.565, 11668549839920, vstest.console.dll, AssemblyResolver.OnResolve: Microsoft.Bcl.AsyncInterfaces: Resolving assembly.
TpTrace Information: 0 : 5512, 1, 2024/12/08, 02:53:32.565, 11668549840058, vstest.console.dll, AssemblyResolver.OnResolve: Microsoft.Bcl.AsyncInterfaces: Resolved from cache.
TpTrace Verbose: 0 : 5512, 1, 2024/12/08, 02:53:32.565, 11668549840190, vstest.console.dll, CurrentDomainAssemblyResolve: Resolving assembly 'Microsoft.Bcl.AsyncInterfaces'.
TpTrace Verbose: 0 : 5512, 1, 2024/12/08, 02:53:32.565, 11668549840322, vstest.console.dll, CurrentDomainAssemblyResolve: Failed to resolve assembly 'Microsoft.Bcl.AsyncInterfaces'.
TpTrace Verbose: 0 : 5512, 1, 2024/12/08, 02:53:32.565, 11668549841379, vstest.console.dll, CurrentDomainAssemblyResolve: Failed to resolve assembly 'Microsoft.Bcl.AsyncInterfaces'.
TpTrace Warning: 0 : 5512, 1, 2024/12/08, 02:53:32.566, 11668549843744, vstest.console.dll, TestPluginDiscoverer: Failed to get types from assembly 'Microsoft.Diagnostics.NETCore.Client, Version=0.2.10.30701, Culture=neutral, PublicKeyToken=31bf3856ad364e35'. Error: System.Reflection.ReflectionTypeLoadException: Unable to load one or more of the requested types.
Could not load file or assembly 'Microsoft.Bcl.AsyncInterfaces, Version=6.0.0.0, Culture=neutral, PublicKeyToken=cc7b13ffcd2ddd51'. The system cannot find the file specified.
   at System.Reflection.RuntimeModule.GetTypes(RuntimeModule module)
   at System.Reflection.RuntimeModule.GetTypes()
   at Microsoft.VisualStudio.TestPlatform.Common.ExtensionFramework.TestPluginDiscoverer.GetTestExtensionsFromAssembly[TPluginInfo,TExtension](Assembly assembly, Dictionary`2 pluginInfos, String filePath) in /_/src/Microsoft.TestPlatform.Common/ExtensionFramework/TestPluginDiscoverer.cs:line 158
System.IO.FileNotFoundException: Could not load file or assembly 'Microsoft.Bcl.AsyncInterfaces, Version=6.0.0.0, Culture=neutral, PublicKeyToken=cc7b13ffcd2ddd51'. The system cannot find the file specified.
File name: 'Microsoft.Bcl.AsyncInterfaces, Version=6.0.0.0, Culture=neutral, PublicKeyToken=cc7b13ffcd2ddd51'
 ---> System.IO.FileNotFoundException: Could not load file or assembly 'Microsoft.Bcl.AsyncInterfaces, Culture=neutral, PublicKeyToken=null'. The system cannot find the file specified.
File name: 'Microsoft.Bcl.AsyncInterfaces, Culture=neutral, PublicKeyToken=null'
   at System.Reflection.RuntimeAssembly.InternalLoad(AssemblyName assemblyName, StackCrawlMark& stackMark, AssemblyLoadContext assemblyLoadContext, RuntimeAssembly requestingAssembly, Boolean throwOnFileNotFound)
   at System.Reflection.Assembly.Load(AssemblyName assemblyRef)
   at Microsoft.VisualStudio.TestPlatform.Common.ExtensionFramework.TestPluginCache.CurrentDomainAssemblyResolve(Object sender, AssemblyResolveEventArgs args) in /_/src/Microsoft.TestPlatform.Common/ExtensionFramework/TestPluginCache.cs:line 513
   at System.Runtime.Loader.AssemblyLoadContext.GetFirstResolvedAssemblyFromResolvingEvent(AssemblyName assemblyName)
   at System.Runtime.Loader.AssemblyLoadContext.ResolveUsingEvent(AssemblyName assemblyName)
   at System.Runtime.Loader.AssemblyLoadContext.ResolveUsingResolvingEvent(IntPtr gchManagedAssemblyLoadContext, AssemblyName assemblyName)
TpTrace Warning: 0 : 5512, 1, 2024/12/08, 02:53:32.566, 11668549844687, vstest.console.dll, LoaderExceptions: System.IO.FileNotFoundException: Could not load file or assembly 'Microsoft.Bcl.AsyncInterfaces, Version=6.0.0.0, Culture=neutral, PublicKeyToken=cc7b13ffcd2ddd51'. The system cannot find the file specified.
File name: 'Microsoft.Bcl.AsyncInterfaces, Version=6.0.0.0, Culture=neutral, PublicKeyToken=cc7b13ffcd2ddd51'
 ---> System.IO.FileNotFoundException: Could not load file or assembly 'Microsoft.Bcl.AsyncInterfaces, Culture=neutral, PublicKeyToken=null'. The system cannot find the file specified.
File name: 'Microsoft.Bcl.AsyncInterfaces, Culture=neutral, PublicKeyToken=null'
   at System.Reflection.RuntimeAssembly.InternalLoad(AssemblyName assemblyName, StackCrawlMark& stackMark, AssemblyLoadContext assemblyLoadContext, RuntimeAssembly requestingAssembly, Boolean throwOnFileNotFound)
   at System.Reflection.Assembly.Load(AssemblyName assemblyRef)
   at Microsoft.VisualStudio.TestPlatform.Common.ExtensionFramework.TestPluginCache.CurrentDomainAssemblyResolve(Object sender, AssemblyResolveEventArgs args) in /_/src/Microsoft.TestPlatform.Common/ExtensionFramework/TestPluginCache.cs:line 513
   at System.Runtime.Loader.AssemblyLoadContext.GetFirstResolvedAssemblyFromResolvingEvent(AssemblyName assemblyName)
   at System.Runtime.Loader.AssemblyLoadContext.ResolveUsingEvent(AssemblyName assemblyName)
   at System.Runtime.Loader.AssemblyLoadContext.ResolveUsingResolvingEvent(IntPtr gchManagedAssemblyLoadContext, AssemblyName assemblyName)
TpTrace Verbose: 0 : 5512, 1, 2024/12/08, 02:53:32.566, 11668549845305, vstest.console.dll, MetadataReaderExtensionsHelper: Discovering extensions inside assembly 'Microsoft.TestPlatform.Extensions.BlameDataCollector, Version=15.0.0.0, Culture=neutral, PublicKeyToken=b03f5f7f11d50a3a' file path 'C:\Program Files\dotnet\sdk\8.0.404\Extensions\Microsoft.TestPlatform.Extensions.BlameDataCollector.dll'
TpTrace Information: 0 : 5512, 1, 2024/12/08, 02:53:32.566, 11668549850994, vstest.console.dll, GetTestExtensionFromType: Register extension with identifier data 'logger://Microsoft/TestPlatform/Extensions/Blame/v1' and type 'Microsoft.TestPlatform.Extensions.BlameDataCollector.BlameLogger, Microsoft.TestPlatform.Extensions.BlameDataCollector, Version=15.0.0.0, Culture=neutral, PublicKeyToken=b03f5f7f11d50a3a' inside file 'C:\Program Files\dotnet\sdk\8.0.404\Extensions\Microsoft.TestPlatform.Extensions.BlameDataCollector.dll'
TpTrace Verbose: 0 : 5512, 1, 2024/12/08, 02:53:32.566, 11668549851658, vstest.console.dll, MetadataReaderExtensionsHelper: Discovering extensions inside assembly 'Microsoft.TestPlatform.Extensions.EventLogCollector, Version=15.0.0.0, Culture=neutral, PublicKeyToken=b03f5f7f11d50a3a' file path 'C:\Program Files\dotnet\sdk\8.0.404\Extensions\Microsoft.TestPlatform.Extensions.EventLogCollector.dll'
TpTrace Verbose: 0 : 5512, 1, 2024/12/08, 02:53:32.567, 11668549855987, vstest.console.dll, MetadataReaderExtensionsHelper: Discovering extensions inside assembly 'Microsoft.TestPlatform.TestHostRuntimeProvider, Version=15.0.0.0, Culture=neutral, PublicKeyToken=b03f5f7f11d50a3a' file path 'C:\Program Files\dotnet\sdk\8.0.404\Extensions\Microsoft.TestPlatform.TestHostRuntimeProvider.dll'
TpTrace Verbose: 0 : 5512, 1, 2024/12/08, 02:53:32.567, 11668549859721, vstest.console.dll, MetadataReaderExtensionsHelper: Discovering extensions inside assembly 'Microsoft.VisualStudio.TestPlatform.Extensions.Html.TestLogger, Version=15.0.0.0, Culture=neutral, PublicKeyToken=b03f5f7f11d50a3a' file path 'C:\Program Files\dotnet\sdk\8.0.404\Extensions\Microsoft.VisualStudio.TestPlatform.Extensions.Html.TestLogger.dll'
TpTrace Information: 0 : 5512, 1, 2024/12/08, 02:53:32.568, 11668549864848, vstest.console.dll, GetTestExtensionFromType: Register extension with identifier data 'logger://Microsoft/TestPlatform/HtmlLogger/v1' and type 'Microsoft.VisualStudio.TestPlatform.Extensions.HtmlLogger.HtmlLogger, Microsoft.VisualStudio.TestPlatform.Extensions.Html.TestLogger, Version=15.0.0.0, Culture=neutral, PublicKeyToken=b03f5f7f11d50a3a' inside file 'C:\Program Files\dotnet\sdk\8.0.404\Extensions\Microsoft.VisualStudio.TestPlatform.Extensions.Html.TestLogger.dll'
TpTrace Verbose: 0 : 5512, 1, 2024/12/08, 02:53:32.568, 11668549865461, vstest.console.dll, MetadataReaderExtensionsHelper: Discovering extensions inside assembly 'Microsoft.VisualStudio.TestPlatform.Extensions.Trx.TestLogger, Version=15.0.0.0, Culture=neutral, PublicKeyToken=b03f5f7f11d50a3a' file path 'C:\Program Files\dotnet\sdk\8.0.404\Extensions\Microsoft.VisualStudio.TestPlatform.Extensions.Trx.TestLogger.dll'
TpTrace Information: 0 : 5512, 1, 2024/12/08, 02:53:32.568, 11668549869569, vstest.console.dll, GetTestExtensionFromType: Register extension with identifier data 'logger://Microsoft/TestPlatform/TrxLogger/v1' and type 'Microsoft.VisualStudio.TestPlatform.Extensions.TrxLogger.TrxLogger, Microsoft.VisualStudio.TestPlatform.Extensions.Trx.TestLogger, Version=15.0.0.0, Culture=neutral, PublicKeyToken=b03f5f7f11d50a3a' inside file 'C:\Program Files\dotnet\sdk\8.0.404\Extensions\Microsoft.VisualStudio.TestPlatform.Extensions.Trx.TestLogger.dll'
TpTrace Verbose: 0 : 5512, 1, 2024/12/08, 02:53:32.568, 11668549870135, vstest.console.dll, TestPluginCache: Discovered the extensions using extension path ''.
TpTrace Verbose: 0 : 5512, 1, 2024/12/08, 02:53:32.568, 11668549870298, vstest.console.dll, TestPluginCache: Discoverers are ''.
TpTrace Verbose: 0 : 5512, 1, 2024/12/08, 02:53:32.568, 11668549870431, vstest.console.dll, TestPluginCache: Executors are ''.
TpTrace Verbose: 0 : 5512, 1, 2024/12/08, 02:53:32.568, 11668549870557, vstest.console.dll, TestPluginCache: Executors2 are ''.
TpTrace Verbose: 0 : 5512, 1, 2024/12/08, 02:53:32.568, 11668549870686, vstest.console.dll, TestPluginCache: Setting providers are ''.
TpTrace Verbose: 0 : 5512, 1, 2024/12/08, 02:53:32.568, 11668549871266, vstest.console.dll, TestPluginCache: Loggers are 'logger://Microsoft/TestPlatform/Extensions/Blame/v1,logger://Microsoft/TestPlatform/HtmlLogger/v1,logger://Microsoft/TestPlatform/TrxLogger/v1'.
TpTrace Verbose: 0 : 5512, 1, 2024/12/08, 02:53:32.568, 11668549871493, vstest.console.dll, TestPluginCache: TestHosts are 'HostProvider://DefaultTestHost,HostProvider://DotnetTestHost'.
TpTrace Verbose: 0 : 5512, 1, 2024/12/08, 02:53:32.568, 11668549871628, vstest.console.dll, TestPluginCache: DataCollectors are ''.
TpTrace Information: 0 : 5512, 1, 2024/12/08, 02:53:32.569, 11668549877725, vstest.console.dll, TestPluginManager.CreateTestExtension: Attempting to load test extension: Microsoft.TestPlatform.Extensions.BlameDataCollector.BlameLogger
TpTrace Verbose: 0 : 5512, 1, 2024/12/08, 02:53:32.575, 11668549937219, vstest.console.dll, TestEngine: Initializing Parallel Execution as MaxCpuCount is set to: 1
TpTrace Information: 0 : 5512, 1, 2024/12/08, 02:53:32.576, 11668549949158, vstest.console.dll, TestPluginManager.CreateTestExtension: Attempting to load test extension: Microsoft.VisualStudio.TestPlatform.CrossPlatEngine.Hosting.DefaultTestHostManager
TpTrace Information: 0 : 5512, 1, 2024/12/08, 02:53:32.577, 11668549956144, vstest.console.dll, TestPluginManager.CreateTestExtension: Attempting to load test extension: Microsoft.VisualStudio.TestPlatform.CrossPlatEngine.Hosting.DotnetTestHostManager
TpTrace Verbose: 0 : 5512, 1, 2024/12/08, 02:53:32.577, 11668549957835, vstest.console.dll, TestHostManagerCallbacks.ctor: Forwarding output is enabled.
TpTrace Information: 0 : 5512, 1, 2024/12/08, 02:53:32.577, 11668549960739, vstest.console.dll, InferRunSettingsHelper.IsTestSettingsEnabled: Unable to navigate to RunSettings/MSTest. Current node: RunSettings
TpTrace Verbose: 0 : 5512, 1, 2024/12/08, 02:53:32.578, 11668549964958, vstest.console.dll, ParallelOperationManager.ClearSlots: Clearing all slots. Slots should accept more work: True
TpTrace Verbose: 0 : 5512, 1, 2024/12/08, 02:53:32.578, 11668549969753, vstest.console.dll, ParallelOperationManager.SetOccupiedSlotCount: Setting slot counts AvailableSlotCount = 1, OccupiedSlotCount = 0.
TpTrace Verbose: 0 : 5512, 1, 2024/12/08, 02:53:32.578, 11668549971931, vstest.console.dll, Occupied slots:

TpTrace Verbose: 0 : 5512, 1, 2024/12/08, 02:53:32.581, 11668549997854, vstest.console.dll, TestEngine.GetExecutionManager: Chosen execution manager 'Microsoft.VisualStudio.TestPlatform.CrossPlatEngine.Client.Parallel.ParallelProxyExecutionManager, Microsoft.TestPlatform.CrossPlatEngine, Version=15.0.0.0, Culture=neutral, PublicKeyToken=b03f5f7f11d50a3a' ParallelLevel '1'.
TpTrace Verbose: 0 : 5512, 1, 2024/12/08, 02:53:32.581, 11668549999274, vstest.console.dll, TestPlatform.GetSkipDefaultAdapters: Not skipping default adapters SkipDefaultAdapters was false.
TpTrace Verbose: 0 : 5512, 1, 2024/12/08, 02:53:32.581, 11668549999884, vstest.console.dll, TestRunRequest.ExecuteAsync: Creating test run request.
TpTrace Verbose: 0 : 5512, 1, 2024/12/08, 02:53:32.581, 11668550001533, vstest.console.dll, TestRunRequest.ExecuteAsync: Starting.
TpTrace Information: 0 : 5512, 1, 2024/12/08, 02:53:32.582, 11668550010199, vstest.console.dll, TestRunRequest.ExecuteAsync: Starting run with settings:TestRunCriteria:
   KeepAlive=False,FrequencyOfRunStatsChangeEvent=10,RunStatsChangeEventTimeout=00:00:01.5000000,TestCaseFilter=,TestExecutorLauncher=
   Settingsxml=<RunSettings>
  <RunConfiguration>
    <ResultsDirectory>C:\Users\Konos\OneDrive\Documents\GitHub\BookProject\BookProject.Tests\bin\Debug\net8.0\fine-code-coverage\coverage-tool-output</ResultsDirectory>
    <TargetPlatform>X64</TargetPlatform>
    <TargetFrameworkVersion>.NETCoreApp,Version=v8.0</TargetFrameworkVersion>
    <DesignMode>False</DesignMode>
    <CollectSourceInformation>False</CollectSourceInformation>
  </RunConfiguration>
  <LoggerRunSettings>
    <Loggers>
      <Logger friendlyName="blame" enabled="True" />
      <Logger friendlyName="Console" uri="logger://microsoft/TestPlatform/ConsoleLogger/v1" assemblyQualifiedName="Microsoft.VisualStudio.TestPlatform.CommandLine.Internal.ConsoleLogger, vstest.console, Version=15.0.0.0, Culture=neutral, PublicKeyToken=b03f5f7f11d50a3a" codeBase="C:\Program Files\dotnet\sdk\8.0.404\vstest.console.dll" enabled="True" />
    </Loggers>
  </LoggerRunSettings>
  <DataCollectionRunSettings>
    <DataCollectors>
      <DataCollector friendlyName="blame" enabled="True">
        <Configuration>
          <ResultsDirectory>C:\Users\Konos\OneDrive\Documents\GitHub\BookProject\BookProject.Tests\bin\Debug\net8.0\fine-code-coverage\coverage-tool-output</ResultsDirectory>
        </Configuration>
      </DataCollector>
    </DataCollectors>
  </DataCollectionRunSettings>
</RunSettings>

TpTrace Verbose: 0 : 5512, 1, 2024/12/08, 02:53:32.582, 11668550010702, vstest.console.dll, TestRunRequest.ExecuteAsync: Wait for the first run request is over.
TpTrace Verbose: 0 : 5512, 1, 2024/12/08, 02:53:32.583, 11668550012784, vstest.console.dll, MulticastDelegateUtilities.SafeInvoke: TestRun.TestRunStart: Invoking callbacks was skipped because there are no subscribers.
TpTrace Verbose: 0 : 5512, 4, 2024/12/08, 02:53:32.583, 11668550015597, vstest.console.dll, MulticastDelegateUtilities.SafeInvoke: InternalTestLoggerEvents.SendTestRunStart: Invoking callback 1/1 for Microsoft.VisualStudio.TestPlatform.CommandLine.Internal.ConsoleLogger., took 0 ms.
TpTrace Verbose: 0 : 5512, 1, 2024/12/08, 02:53:32.583, 11668550021613, vstest.console.dll, ParallelProxyExecutionManager: Start execution. Total sources: 1
TpTrace Verbose: 0 : 5512, 1, 2024/12/08, 02:53:32.584, 11668550024530, vstest.console.dll, ParallelOperationManager.StartWork: Starting adding 1 workloads.
TpTrace Verbose: 0 : 5512, 1, 2024/12/08, 02:53:32.584, 11668550025026, vstest.console.dll, ParallelOperationManager.ClearSlots: Clearing all slots. Slots should accept more work: True
TpTrace Verbose: 0 : 5512, 1, 2024/12/08, 02:53:32.584, 11668550025572, vstest.console.dll, ParallelOperationManager.SetOccupiedSlotCount: Setting slot counts AvailableSlotCount = 1, OccupiedSlotCount = 0.
TpTrace Verbose: 0 : 5512, 1, 2024/12/08, 02:53:32.584, 11668550025794, vstest.console.dll, Occupied slots:

TpTrace Verbose: 0 : 5512, 1, 2024/12/08, 02:53:32.585, 11668550037346, vstest.console.dll, TestHostManagerCallbacks.ctor: Forwarding output is enabled.
TpTrace Verbose: 0 : 5512, 1, 2024/12/08, 02:53:32.585, 11668550039348, vstest.console.dll, TestRequestSender is acting as server.
TpTrace Verbose: 0 : 5512, 1, 2024/12/08, 02:53:32.586, 11668550048123, vstest.console.dll, ParallelOperationManager.RunWorkInParallel: Adding 1 workload to slot, remaining workloads 0.
TpTrace Verbose: 0 : 5512, 1, 2024/12/08, 02:53:32.586, 11668550048669, vstest.console.dll, ParallelOperationManager.SetOccupiedSlotCount: Setting slot counts AvailableSlotCount = 0, OccupiedSlotCount = 1.
TpTrace Verbose: 0 : 5512, 1, 2024/12/08, 02:53:32.586, 11668550049439, vstest.console.dll, Occupied slots:
0: C:\Users\Konos\OneDrive\Documents\GitHub\BookProject\BookProject.Tests\bin\Debug\net8.0\fine-code-coverage\build-output\BookProject.Tests.dll
TpTrace Verbose: 0 : 5512, 1, 2024/12/08, 02:53:32.587, 11668550058399, vstest.console.dll, ParallelOperationManager.RunWorkInParallel: Started host in slot number 0 for work (source): C:\Users\Konos\OneDrive\Documents\GitHub\BookProject\BookProject.Tests\bin\Debug\net8.0\fine-code-coverage\build-output\BookProject.Tests.dll.
TpTrace Verbose: 0 : 5512, 1, 2024/12/08, 02:53:32.588, 11668550065987, vstest.console.dll, ParallelOperationManager.RunWorkInParallel: We started 1 work items, which is the max parallel level. Won't start more work.
TpTrace Verbose: 0 : 5512, 1, 2024/12/08, 02:53:32.588, 11668550066530, vstest.console.dll, ParallelOperationManager.RunWorkInParallel: We started 1 work items in here, returning True.
TpTrace Verbose: 0 : 5512, 5, 2024/12/08, 02:53:32.588, 11668550066661, vstest.console.dll, ParallelProxyExecutionManager.StartTestRunOnConcurrentManager: Initializing uninitialized client. Started clients: 0
TpTrace Information: 0 : 5512, 1, 2024/12/08, 02:53:32.588, 11668550066757, vstest.console.dll, TestRunRequest.ExecuteAsync: Started.
TpTrace Verbose: 0 : 5512, 5, 2024/12/08, 02:53:32.588, 11668550068393, vstest.console.dll, DataCollectionRequestSender.InitializeCommunication : Initialize communication. 
TpTrace Verbose: 0 : 5512, 1, 2024/12/08, 02:53:32.588, 11668550071730, vstest.console.dll, TestRunRequest.WaitForCompletion: Waiting with timeout -1.
TpTrace Information: 0 : 5512, 5, 2024/12/08, 02:53:32.594, 11668550125386, vstest.console.dll, Listening on Endpoint : 127.0.0.1:57413
TpTrace Verbose: 0 : 5512, 5, 2024/12/08, 02:53:32.599, 11668550179071, vstest.console.dll, DotnetDataCollectionLauncher: Adding  --runtimeconfig "C:\Program Files\dotnet\sdk\8.0.404\datacollector.runtimeconfig.json" in args
TpTrace Verbose: 0 : 5512, 5, 2024/12/08, 02:53:32.599, 11668550180163, vstest.console.dll, DotnetDataCollectionLauncher: Adding  --depsfile "C:\Program Files\dotnet\sdk\8.0.404\datacollector.deps.json" in args
TpTrace Verbose: 0 : 5512, 5, 2024/12/08, 02:53:32.599, 11668550181372, vstest.console.dll, DotnetDataCollectionLauncher: Full path of dotnet.exe is C:\Program Files\dotnet\dotnet.exe
TpTrace Information: 0 : 5512, 5, 2024/12/08, 02:53:32.606, 11668550248087, vstest.console.dll, ProxyDataCollectionManager.Initialize: Launched datacollector processId: 28160 port: 57413
TpTrace Information: 0 : 5512, 5, 2024/12/08, 02:53:32.606, 11668550249412, vstest.console.dll, ProxyDataCollectionManager.Initialize: waiting for connection with timeout: 90 seconds
TpTrace Verbose: 0 : 5512, 5, 2024/12/08, 02:53:32.606, 11668550249727, vstest.console.dll, DataCollectionRequestSender.WaitForRequestHandlerConnection : Waiting for connection with timeout: 90000
TpTrace Information: 0 : 5512, 7, 2024/12/08, 02:53:32.711, 11668551296033, vstest.console.dll, Using the buffer size of 16384 bytes
TpTrace Information: 0 : 5512, 7, 2024/12/08, 02:53:32.711, 11668551296874, vstest.console.dll, Accepted Client request and set the flag
TpTrace Verbose: 0 : 5512, 5, 2024/12/08, 02:53:32.711, 11668551296320, vstest.console.dll, SocketCommunicationManager.WaitForClientConnection took: 104 ms, with 90000 ms timeout, and finished with True.
TpTrace Verbose: 0 : 5512, 5, 2024/12/08, 02:53:32.711, 11668551298073, vstest.console.dll, ProxyDataCollectionManager.InvokeDataCollectionServiceAction: Starting.
TpTrace Information: 0 : 5512, 5, 2024/12/08, 02:53:32.711, 11668551298588, vstest.console.dll, ProxyDataCollectionManager.BeforeTestRunStart: Get environment variable and port for datacollector processId: 28160 port: 57413
TpTrace Verbose: 0 : 5512, 5, 2024/12/08, 02:53:32.711, 11668551299301, vstest.console.dll, DataCollectionRequestSender.SendBeforeTestRunStartAndGetResult: Send BeforeTestRunStart message with settingsXml <RunSettings><RunConfiguration><ResultsDirectory>C:\Users\Konos\OneDrive\Documents\GitHub\BookProject\BookProject.Tests\bin\Debug\net8.0\fine-code-coverage\coverage-tool-output</ResultsDirectory><TargetPlatform>X64</TargetPlatform><TargetFrameworkVersion>.NETCoreApp,Version=v8.0</TargetFrameworkVersion><DesignMode>False</DesignMode><CollectSourceInformation>False</CollectSourceInformation><TestAdaptersPaths>C:\Program Files\dotnet\sdk\8.0.404\Extensions</TestAdaptersPaths></RunConfiguration><LoggerRunSettings><Loggers><Logger friendlyName="blame" enabled="True" /><Logger friendlyName="Console" uri="logger://microsoft/TestPlatform/ConsoleLogger/v1" assemblyQualifiedName="Microsoft.VisualStudio.TestPlatform.CommandLine.Internal.ConsoleLogger, vstest.console, Version=15.0.0.0, Culture=neutral, PublicKeyToken=b03f5f7f11d50a3a" codeBase="C:\Program Files\dotnet\sdk\8.0.404\vstest.console.dll" enabled="True" /></Loggers></LoggerRunSettings><DataCollectionRunSettings><DataCollectors><DataCollector friendlyName="blame" enabled="True"><Configuration><ResultsDirectory>C:\Users\Konos\OneDrive\Documents\GitHub\BookProject\BookProject.Tests\bin\Debug\net8.0\fine-code-coverage\coverage-tool-output</ResultsDirectory></Configuration></DataCollector></DataCollectors></DataCollectionRunSettings></RunSettings> and sources System.Collections.Generic.List`1[System.String]: 
TpTrace Verbose: 0 : 5512, 5, 2024/12/08, 02:53:32.749, 11668551673667, vstest.console.dll, DataCollectionRequestSender.SendBeforeTestRunStartAndGetResult: Received message: (DataCollection.SendMessage) -> {"MessageType":"DataCollection.SendMessage","Payload":{"FriendlyName":null,"Uri":null,"TestCaseId":"00000000-0000-0000-0000-000000000000","Message":"Logging DataCollector Diagnostics in file: C:\\Users\\Konos\\OneDrive\\Documents\\GitHub\\BookProject\\BookProject.Tests\\bin\\Debug\\net8.0\\fine-code-coverage\\coverage-tool-output\\diagnostics.datacollector.24-12-08_02-53-32_59943_5.log","Level":0}}
TpTrace Verbose: 0 : 5512, 5, 2024/12/08, 02:53:32.813, 11668552322097, vstest.console.dll, DataCollectionRequestSender.SendBeforeTestRunStartAndGetResult: Received message: (DataCollection.BeforeTestRunStartResult) -> {"MessageType":"DataCollection.BeforeTestRunStartResult","Payload":{"EnvironmentVariables":{},"DataCollectionEventsPort":57417}}
TpTrace Information: 0 : 5512, 5, 2024/12/08, 02:53:32.817, 11668552356695, vstest.console.dll, ProxyDataCollectionManager.BeforeTestRunStart: SendBeforeTestRunStartAndGetResult successful, env variable from datacollector:   and testhost port: 57417
TpTrace Information: 0 : 5512, 5, 2024/12/08, 02:53:32.817, 11668552357310, vstest.console.dll, ProxyDataCollectionManager.InvokeDataCollectionServiceAction: Completed.
TpTrace Verbose: 0 : 5512, 5, 2024/12/08, 02:53:32.817, 11668552357552, vstest.console.dll, ParallelProxyExecutionManager.StartTestRunOnConcurrentManager: Initializing test run. Started clients: 0
TpTrace Verbose: 0 : 5512, 5, 2024/12/08, 02:53:32.817, 11668552358118, vstest.console.dll, ProxyExecutionManager: Test host is always Lazy initialize.
TpTrace Verbose: 0 : 5512, 5, 2024/12/08, 02:53:32.817, 11668552359426, vstest.console.dll, TestRequestSender.InitializeCommunication: initialize communication. 
TpTrace Information: 0 : 5512, 5, 2024/12/08, 02:53:32.818, 11668552363203, vstest.console.dll, SocketServer.Start: Listening on endpoint : 127.0.0.1:57418
TpTrace Verbose: 0 : 5512, 5, 2024/12/08, 02:53:32.818, 11668552368928, vstest.console.dll, DotnetTestHostmanager.GetTestHostProcessStartInfo: Platform environment 'X64' target architecture 'X64' framework '.NETCoreApp,Version=v8.0' OS 'Windows'
TpTrace Verbose: 0 : 5512, 5, 2024/12/08, 02:53:32.818, 11668552370421, vstest.console.dll, DotnetTestHostmanager: Adding  --runtimeconfig "C:\Users\Konos\OneDrive\Documents\GitHub\BookProject\BookProject.Tests\bin\Debug\net8.0\fine-code-coverage\build-output\BookProject.Tests.runtimeconfig.json" in args
TpTrace Verbose: 0 : 5512, 5, 2024/12/08, 02:53:32.818, 11668552370968, vstest.console.dll, DotnetTestHostmanager: Adding  --depsfile "C:\Users\Konos\OneDrive\Documents\GitHub\BookProject\BookProject.Tests\bin\Debug\net8.0\fine-code-coverage\build-output\BookProject.Tests.deps.json" in args
TpTrace Verbose: 0 : 5512, 5, 2024/12/08, 02:53:32.818, 11668552372130, vstest.console.dll, DotnetTestHostmanager.IsWinOnArm: Current PROCESSOR_ARCHITECTURE from environment variable 'AMD64'
TpTrace Verbose: 0 : 5512, 5, 2024/12/08, 02:53:32.818, 11668552372482, vstest.console.dll, DotnetTestHostmanager.IsWinOnArm: Is Windows on ARM 'False'
TpTrace Verbose: 0 : 5512, 5, 2024/12/08, 02:53:32.819, 11668552373026, vstest.console.dll, DotnetTestHostManager: testhost.exe found at path: C:\Users\Konos\OneDrive\Documents\GitHub\BookProject\BookProject.Tests\bin\Debug\net8.0\fine-code-coverage\build-output\testhost.exe
TpTrace Verbose: 0 : 5512, 5, 2024/12/08, 02:53:32.819, 11668552373224, vstest.console.dll, DotnetTestHostmanager: Full path of host exe is C:\Users\Konos\OneDrive\Documents\GitHub\BookProject\BookProject.Tests\bin\Debug\net8.0\fine-code-coverage\build-output\testhost.exe
TpTrace Verbose: 0 : 5512, 5, 2024/12/08, 02:53:32.819, 11668552374024, vstest.console.dll, DotnetTestHostmanager.LaunchTestHostAsync: Found 'VSTEST_WINAPPHOST_DOTNET_ROOT' in env variables, value 'C:\Program Files\dotnet', forwarding to 'DOTNET_ROOT'
TpTrace Verbose: 0 : 5512, 5, 2024/12/08, 02:53:32.819, 11668552374969, vstest.console.dll, DotnetTestHostManager: Starting process 'C:\Users\Konos\OneDrive\Documents\GitHub\BookProject\BookProject.Tests\bin\Debug\net8.0\fine-code-coverage\build-output\testhost.exe' with command line ' --runtimeconfig "C:\Users\Konos\OneDrive\Documents\GitHub\BookProject\BookProject.Tests\bin\Debug\net8.0\fine-code-coverage\build-output\BookProject.Tests.runtimeconfig.json" --depsfile "C:\Users\Konos\OneDrive\Documents\GitHub\BookProject\BookProject.Tests\bin\Debug\net8.0\fine-code-coverage\build-output\BookProject.Tests.deps.json" --port 57418 --endpoint 127.0.0.1:057418 --role client --parentprocessid 5512 --diag "C:\Users\Konos\OneDrive\Documents\GitHub\BookProject\BookProject.Tests\bin\Debug\net8.0\fine-code-coverage\coverage-tool-output\diagnostics.host.24-12-08_02-53-32_81836_5.log" --tracelevel 4 --datacollectionport 57417 --telemetryoptedin false'
TpTrace Verbose: 0 : 5512, 5, 2024/12/08, 02:53:32.824, 11668552423981, vstest.console.dll, MulticastDelegateUtilities.SafeInvoke: HostProviderEvents.OnHostLaunched: Invoking callback 1/2 for Microsoft.VisualStudio.TestPlatform.CrossPlatEngine.Client.ProxyExecutionManagerWithDataCollection., took 0 ms.
TpTrace Verbose: 0 : 5512, 5, 2024/12/08, 02:53:32.824, 11668552426468, vstest.console.dll, Test Runtime launched
TpTrace Verbose: 0 : 5512, 5, 2024/12/08, 02:53:32.824, 11668552426929, vstest.console.dll, MulticastDelegateUtilities.SafeInvoke: HostProviderEvents.OnHostLaunched: Invoking callback 2/2 for Microsoft.VisualStudio.TestPlatform.CrossPlatEngine.Client.ProxyOperationManager., took 0 ms.
TpTrace Verbose: 0 : 5512, 5, 2024/12/08, 02:53:32.824, 11668552427855, vstest.console.dll, TestRequestSender.WaitForRequestHandlerConnection: waiting for connection with timeout: 90000.
TpTrace Verbose: 0 : 5512, 5, 2024/12/08, 02:53:32.969, 11668553879022, vstest.console.dll, TestRequestSender.WaitForRequestHandlerConnection: waiting took 145 ms, with timeout 90000 ms, and result 0, which is success.
TpTrace Verbose: 0 : 5512, 14, 2024/12/08, 02:53:32.969, 11668553879016, vstest.console.dll, MulticastDelegateUtilities.SafeInvoke: SocketServer: ClientConnected: Invoking callback 1/1 for Microsoft.VisualStudio.TestPlatform.CommunicationUtilities.TestRequestSender., took 0 ms.
TpTrace Verbose: 0 : 5512, 14, 2024/12/08, 02:53:32.969, 11668553882232, vstest.console.dll, SocketServer.OnClientConnected: Client connected for endPoint: 127.0.0.1:57418, starting MessageLoopAsync:
TpTrace Verbose: 0 : 5512, 14, 2024/12/08, 02:53:32.970, 11668553891295, vstest.console.dll, TcpClientExtensions.MessageLoopAsync: Polling on remoteEndPoint: 127.0.0.1:57419 localEndPoint: 127.0.0.1:57418 after 0 ms
TpTrace Verbose: 0 : 5512, 5, 2024/12/08, 02:53:32.971, 11668553898135, vstest.console.dll, TestRequestSender.CheckVersionWithTestHost: Sending check version message: {"MessageType":"ProtocolVersion","Payload":7}
TpTrace Verbose: 0 : 5512, 14, 2024/12/08, 02:53:33.050, 11668554690627, vstest.console.dll, TcpClientExtensions.MessageLoopAsync: NotifyDataAvailable remoteEndPoint: 127.0.0.1:57419 localEndPoint: 127.0.0.1:57418
TpTrace Verbose: 0 : 5512, 14, 2024/12/08, 02:53:33.051, 11668554692631, vstest.console.dll, TestRequestSender.CheckVersionWithTestHost: onMessageReceived received message: (ProtocolVersion) -> {"MessageType":"ProtocolVersion","Payload":7}
TpTrace Verbose: 0 : 5512, 14, 2024/12/08, 02:53:33.051, 11668554697175, vstest.console.dll, MulticastDelegateUtilities.SafeInvoke: LengthPrefixCommunicationChannel: MessageReceived: Invoking callback 1/1 for Microsoft.VisualStudio.TestPlatform.CommunicationUtilities.TestRequestSender+<>c__DisplayClass29_0., took 0 ms.
TpTrace Verbose: 0 : 5512, 14, 2024/12/08, 02:53:33.051, 11668554697948, vstest.console.dll, TcpClientExtensions.MessageLoopAsync: Polling on remoteEndPoint: 127.0.0.1:57419 localEndPoint: 127.0.0.1:57418 after 80 ms
TpTrace Verbose: 0 : 5512, 5, 2024/12/08, 02:53:33.051, 11668554697988, vstest.console.dll, TestPluginCache.GetExtensionPaths: Filtered extension paths: 
TpTrace Verbose: 0 : 5512, 5, 2024/12/08, 02:53:33.051, 11668554698783, vstest.console.dll, TestPluginCache.GetExtensionPaths: Added default extension paths: C:\Program Files\dotnet\sdk\8.0.404\Extensions\Microsoft.Diagnostics.NETCore.Client.dll
C:\Program Files\dotnet\sdk\8.0.404\Extensions\Microsoft.TestPlatform.Extensions.BlameDataCollector.dll
C:\Program Files\dotnet\sdk\8.0.404\Extensions\Microsoft.TestPlatform.Extensions.EventLogCollector.dll
C:\Program Files\dotnet\sdk\8.0.404\Extensions\Microsoft.TestPlatform.TestHostRuntimeProvider.dll
C:\Program Files\dotnet\sdk\8.0.404\Extensions\Microsoft.VisualStudio.TestPlatform.Extensions.Html.TestLogger.dll
C:\Program Files\dotnet\sdk\8.0.404\Extensions\Microsoft.VisualStudio.TestPlatform.Extensions.Trx.TestLogger.dll
TpTrace Verbose: 0 : 5512, 5, 2024/12/08, 02:53:33.051, 11668554698979, vstest.console.dll, TestPluginCache.GetExtensionPaths: Added unfilterableExtensionPaths: 
TpTrace Verbose: 0 : 5512, 5, 2024/12/08, 02:53:33.053, 11668554718237, vstest.console.dll, TestRequestSender.InitializeExecution: Sending initialize execution with message: {"Version":7,"MessageType":"TestExecution.Initialize","Payload":["C:\\Users\\Konos\\OneDrive\\Documents\\GitHub\\BookProject\\BookProject.Tests\\bin\\Debug\\net8.0\\fine-code-coverage\\build-output\\xunit.runner.visualstudio.dotnetcore.testadapter.dll"]}
TpTrace Verbose: 0 : 5512, 5, 2024/12/08, 02:53:33.053, 11668554719338, vstest.console.dll, ParallelProxyExecutionManager.StartTestRunOnConcurrentManager: Execution starting. Started clients: 1
TpTrace Verbose: 0 : 5512, 5, 2024/12/08, 02:53:33.053, 11668554721151, vstest.console.dll, TestRunRequest:SendTestRunMessage: Starting.
TpTrace Verbose: 0 : 5512, 5, 2024/12/08, 02:53:33.053, 11668554722271, vstest.console.dll, MulticastDelegateUtilities.SafeInvoke: TestRun.LogMessages: Invoking callback 1/1 for Microsoft.VisualStudio.TestPlatform.CommandLine.TestRunResultAggregator., took 0 ms.
TpTrace Information: 0 : 5512, 5, 2024/12/08, 02:53:33.053, 11668554722584, vstest.console.dll, TestRunRequest:SendTestRunMessage: Completed.
TpTrace Warning: 0 : 5512, 5, 2024/12/08, 02:53:33.054, 11668554725277, vstest.console.dll, InferRunSettingsHelper.MakeRunsettingsCompatible: Removing the following settings: TargetPlatform from RunSettings file. To use those settings please move to latest version of Microsoft.NET.Test.Sdk
TpTrace Verbose: 0 : 5512, 4, 2024/12/08, 02:53:33.054, 11668554725348, vstest.console.dll, MulticastDelegateUtilities.SafeInvoke: InternalTestLoggerEvents.SendTestRunMessage: Invoking callback 1/1 for Microsoft.VisualStudio.TestPlatform.CommandLine.Internal.ConsoleLogger., took 0 ms.
TpTrace Verbose: 0 : 5512, 14, 2024/12/08, 02:53:33.054, 11668554725921, vstest.console.dll, TcpClientExtensions.MessageLoopAsync: NotifyDataAvailable remoteEndPoint: 127.0.0.1:57419 localEndPoint: 127.0.0.1:57418
TpTrace Verbose: 0 : 5512, 14, 2024/12/08, 02:53:33.054, 11668554732311, vstest.console.dll, TestRequestSender.OnExecutionMessageReceived: Received message: {"Version":7,"MessageType":"TestSession.Message","Payload":{"MessageLevel":0,"Message":"Logging TestHost Diagnostics in file: C:\\Users\\Konos\\OneDrive\\Documents\\GitHub\\BookProject\\BookProject.Tests\\bin\\Debug\\net8.0\\fine-code-coverage\\coverage-tool-output\\diagnostics.host.24-12-08_02-53-32_81836_5.log"}}
TpTrace Verbose: 0 : 5512, 14, 2024/12/08, 02:53:33.056, 11668554750527, vstest.console.dll, TestRunRequest:SendTestRunMessage: Starting.
TpTrace Verbose: 0 : 5512, 14, 2024/12/08, 02:53:33.056, 11668554751447, vstest.console.dll, MulticastDelegateUtilities.SafeInvoke: TestRun.LogMessages: Invoking callback 1/1 for Microsoft.VisualStudio.TestPlatform.CommandLine.TestRunResultAggregator., took 0 ms.
TpTrace Information: 0 : 5512, 14, 2024/12/08, 02:53:33.056, 11668554751713, vstest.console.dll, TestRunRequest:SendTestRunMessage: Completed.
TpTrace Verbose: 0 : 5512, 14, 2024/12/08, 02:53:33.056, 11668554752028, vstest.console.dll, MulticastDelegateUtilities.SafeInvoke: LengthPrefixCommunicationChannel: MessageReceived: Invoking callback 1/1 for Microsoft.VisualStudio.TestPlatform.CommunicationUtilities.TestRequestSender+<>c__DisplayClass34_0., took 2 ms.
TpTrace Verbose: 0 : 5512, 14, 2024/12/08, 02:53:33.056, 11668554752227, vstest.console.dll, TcpClientExtensions.MessageLoopAsync: Polling on remoteEndPoint: 127.0.0.1:57419 localEndPoint: 127.0.0.1:57418 after 5 ms
TpTrace Verbose: 0 : 5512, 4, 2024/12/08, 02:53:33.057, 11668554753275, vstest.console.dll, MulticastDelegateUtilities.SafeInvoke: InternalTestLoggerEvents.SendTestRunMessage: Invoking callback 1/1 for Microsoft.VisualStudio.TestPlatform.CommandLine.Internal.ConsoleLogger., took 0 ms.
TpTrace Verbose: 0 : 5512, 5, 2024/12/08, 02:53:33.059, 11668554772701, vstest.console.dll, TestRequestSender.StartTestRun: Sending test run with message: {"Version":7,"MessageType":"TestExecution.StartWithSources","Payload":{"AdapterSourceMap":{"_none_":["C:\\Users\\Konos\\OneDrive\\Documents\\GitHub\\BookProject\\BookProject.Tests\\bin\\Debug\\net8.0\\fine-code-coverage\\build-output\\BookProject.Tests.dll"]},"RunSettings":"<RunSettings>\r\n  <RunConfiguration>\r\n    <ResultsDirectory>C:\\Users\\Konos\\OneDrive\\Documents\\GitHub\\BookProject\\BookProject.Tests\\bin\\Debug\\net8.0\\fine-code-coverage\\coverage-tool-output</ResultsDirectory>\r\n    <TargetFrameworkVersion>.NETCoreApp,Version=v8.0</TargetFrameworkVersion>\r\n    <DesignMode>False</DesignMode>\r\n    <CollectSourceInformation>False</CollectSourceInformation>\r\n  </RunConfiguration>\r\n  <LoggerRunSettings>\r\n    <Loggers>\r\n      <Logger friendlyName=\"blame\" enabled=\"True\" />\r\n      <Logger friendlyName=\"Console\" uri=\"logger://microsoft/TestPlatform/ConsoleLogger/v1\" assemblyQualifiedName=\"Microsoft.VisualStudio.TestPlatform.CommandLine.Internal.ConsoleLogger, vstest.console, Version=15.0.0.0, Culture=neutral, PublicKeyToken=b03f5f7f11d50a3a\" codeBase=\"C:\\Program Files\\dotnet\\sdk\\8.0.404\\vstest.console.dll\" enabled=\"True\" />\r\n    </Loggers>\r\n  </LoggerRunSettings>\r\n  <DataCollectionRunSettings>\r\n    <DataCollectors>\r\n      <DataCollector friendlyName=\"blame\" enabled=\"True\">\r\n        <Configuration>\r\n          <ResultsDirectory>C:\\Users\\Konos\\OneDrive\\Documents\\GitHub\\BookProject\\BookProject.Tests\\bin\\Debug\\net8.0\\fine-code-coverage\\coverage-tool-output</ResultsDirectory>\r\n        </Configuration>\r\n      </DataCollector>\r\n    </DataCollectors>\r\n  </DataCollectionRunSettings>\r\n</RunSettings>","TestExecutionContext":{"FrequencyOfRunStatsChangeEvent":10,"RunStatsChangeEventTimeout":"00:00:01.5000000","InIsolation":false,"KeepAlive":false,"AreTestCaseLevelEventsRequired":false,"IsDebug":false,"TestCaseFilter":null,"FilterOptions":null},"Package":null}}
TpTrace Verbose: 0 : 5512, 5, 2024/12/08, 02:53:33.059, 11668554773904, vstest.console.dll, ParallelProxyExecutionManager.StartTestRunOnConcurrentManager: Execution started. Started clients: 1
TpTrace Verbose: 0 : 5512, 14, 2024/12/08, 02:53:33.154, 11668555730947, vstest.console.dll, TcpClientExtensions.MessageLoopAsync: NotifyDataAvailable remoteEndPoint: 127.0.0.1:57419 localEndPoint: 127.0.0.1:57418
TpTrace Verbose: 0 : 5512, 14, 2024/12/08, 02:53:33.154, 11668555732455, vstest.console.dll, TestRequestSender.OnExecutionMessageReceived: Received message: {"Version":7,"MessageType":"TestSession.Message","Payload":{"MessageLevel":0,"Message":"[xUnit.net 00:00:00.00] xUnit.net VSTest Adapter v2.5.3.1+6b60a9e56a (64-bit .NET 8.0.11)"}}
TpTrace Verbose: 0 : 5512, 14, 2024/12/08, 02:53:33.155, 11668555734326, vstest.console.dll, TestRunRequest:SendTestRunMessage: Starting.
TpTrace Verbose: 0 : 5512, 14, 2024/12/08, 02:53:33.155, 11668555734997, vstest.console.dll, MulticastDelegateUtilities.SafeInvoke: TestRun.LogMessages: Invoking callback 1/1 for Microsoft.VisualStudio.TestPlatform.CommandLine.TestRunResultAggregator., took 0 ms.
TpTrace Information: 0 : 5512, 14, 2024/12/08, 02:53:33.155, 11668555735258, vstest.console.dll, TestRunRequest:SendTestRunMessage: Completed.
TpTrace Verbose: 0 : 5512, 14, 2024/12/08, 02:53:33.155, 11668555735483, vstest.console.dll, MulticastDelegateUtilities.SafeInvoke: LengthPrefixCommunicationChannel: MessageReceived: Invoking callback 1/1 for Microsoft.VisualStudio.TestPlatform.CommunicationUtilities.TestRequestSender+<>c__DisplayClass34_0., took 0 ms.
TpTrace Verbose: 0 : 5512, 14, 2024/12/08, 02:53:33.155, 11668555735669, vstest.console.dll, TcpClientExtensions.MessageLoopAsync: Polling on remoteEndPoint: 127.0.0.1:57419 localEndPoint: 127.0.0.1:57418 after 98 ms
TpTrace Verbose: 0 : 5512, 4, 2024/12/08, 02:53:33.155, 11668555736175, vstest.console.dll, MulticastDelegateUtilities.SafeInvoke: InternalTestLoggerEvents.SendTestRunMessage: Invoking callback 1/1 for Microsoft.VisualStudio.TestPlatform.CommandLine.Internal.ConsoleLogger., took 0 ms.
TpTrace Verbose: 0 : 5512, 14, 2024/12/08, 02:53:33.222, 11668556408831, vstest.console.dll, TcpClientExtensions.MessageLoopAsync: NotifyDataAvailable remoteEndPoint: 127.0.0.1:57419 localEndPoint: 127.0.0.1:57418
TpTrace Verbose: 0 : 5512, 14, 2024/12/08, 02:53:33.222, 11668556410182, vstest.console.dll, TestRequestSender.OnExecutionMessageReceived: Received message: {"Version":7,"MessageType":"TestSession.Message","Payload":{"MessageLevel":0,"Message":"[xUnit.net 00:00:00.07]   Discovering: BookProject.Tests"}}
TpTrace Verbose: 0 : 5512, 14, 2024/12/08, 02:53:33.222, 11668556411232, vstest.console.dll, TestRunRequest:SendTestRunMessage: Starting.
TpTrace Verbose: 0 : 5512, 14, 2024/12/08, 02:53:33.222, 11668556411703, vstest.console.dll, MulticastDelegateUtilities.SafeInvoke: TestRun.LogMessages: Invoking callback 1/1 for Microsoft.VisualStudio.TestPlatform.CommandLine.TestRunResultAggregator., took 0 ms.
TpTrace Information: 0 : 5512, 14, 2024/12/08, 02:53:33.222, 11668556411927, vstest.console.dll, TestRunRequest:SendTestRunMessage: Completed.
TpTrace Verbose: 0 : 5512, 14, 2024/12/08, 02:53:33.222, 11668556412139, vstest.console.dll, MulticastDelegateUtilities.SafeInvoke: LengthPrefixCommunicationChannel: MessageReceived: Invoking callback 1/1 for Microsoft.VisualStudio.TestPlatform.CommunicationUtilities.TestRequestSender+<>c__DisplayClass34_0., took 0 ms.
TpTrace Verbose: 0 : 5512, 14, 2024/12/08, 02:53:33.222, 11668556412320, vstest.console.dll, TcpClientExtensions.MessageLoopAsync: Polling on remoteEndPoint: 127.0.0.1:57419 localEndPoint: 127.0.0.1:57418 after 67 ms
TpTrace Verbose: 0 : 5512, 4, 2024/12/08, 02:53:33.222, 11668556412409, vstest.console.dll, MulticastDelegateUtilities.SafeInvoke: InternalTestLoggerEvents.SendTestRunMessage: Invoking callback 1/1 for Microsoft.VisualStudio.TestPlatform.CommandLine.Internal.ConsoleLogger., took 0 ms.
TpTrace Verbose: 0 : 5512, 14, 2024/12/08, 02:53:33.249, 11668556679137, vstest.console.dll, TcpClientExtensions.MessageLoopAsync: NotifyDataAvailable remoteEndPoint: 127.0.0.1:57419 localEndPoint: 127.0.0.1:57418
TpTrace Verbose: 0 : 5512, 14, 2024/12/08, 02:53:33.249, 11668556680482, vstest.console.dll, TestRequestSender.OnExecutionMessageReceived: Received message: {"Version":7,"MessageType":"TestSession.Message","Payload":{"MessageLevel":0,"Message":"[xUnit.net 00:00:00.09]   Discovered:  BookProject.Tests"}}
TpTrace Verbose: 0 : 5512, 14, 2024/12/08, 02:53:33.249, 11668556681505, vstest.console.dll, TestRunRequest:SendTestRunMessage: Starting.
TpTrace Verbose: 0 : 5512, 14, 2024/12/08, 02:53:33.249, 11668556681958, vstest.console.dll, MulticastDelegateUtilities.SafeInvoke: TestRun.LogMessages: Invoking callback 1/1 for Microsoft.VisualStudio.TestPlatform.CommandLine.TestRunResultAggregator., took 0 ms.
TpTrace Information: 0 : 5512, 14, 2024/12/08, 02:53:33.249, 11668556682197, vstest.console.dll, TestRunRequest:SendTestRunMessage: Completed.
TpTrace Verbose: 0 : 5512, 14, 2024/12/08, 02:53:33.249, 11668556682374, vstest.console.dll, MulticastDelegateUtilities.SafeInvoke: LengthPrefixCommunicationChannel: MessageReceived: Invoking callback 1/1 for Microsoft.VisualStudio.TestPlatform.CommunicationUtilities.TestRequestSender+<>c__DisplayClass34_0., took 0 ms.
TpTrace Verbose: 0 : 5512, 14, 2024/12/08, 02:53:33.250, 11668556682586, vstest.console.dll, TcpClientExtensions.MessageLoopAsync: Polling on remoteEndPoint: 127.0.0.1:57419 localEndPoint: 127.0.0.1:57418 after 27 ms
TpTrace Verbose: 0 : 5512, 4, 2024/12/08, 02:53:33.250, 11668556682716, vstest.console.dll, MulticastDelegateUtilities.SafeInvoke: InternalTestLoggerEvents.SendTestRunMessage: Invoking callback 1/1 for Microsoft.VisualStudio.TestPlatform.CommandLine.Internal.ConsoleLogger., took 0 ms.
TpTrace Verbose: 0 : 5512, 14, 2024/12/08, 02:53:33.251, 11668556698250, vstest.console.dll, TcpClientExtensions.MessageLoopAsync: NotifyDataAvailable remoteEndPoint: 127.0.0.1:57419 localEndPoint: 127.0.0.1:57418
TpTrace Verbose: 0 : 5512, 14, 2024/12/08, 02:53:33.251, 11668556698763, vstest.console.dll, TestRequestSender.OnExecutionMessageReceived: Received message: {"Version":7,"MessageType":"TestSession.Message","Payload":{"MessageLevel":0,"Message":"[xUnit.net 00:00:00.10]   Starting:    BookProject.Tests"}}
TpTrace Verbose: 0 : 5512, 14, 2024/12/08, 02:53:33.251, 11668556699376, vstest.console.dll, TestRunRequest:SendTestRunMessage: Starting.
TpTrace Verbose: 0 : 5512, 14, 2024/12/08, 02:53:33.251, 11668556699709, vstest.console.dll, MulticastDelegateUtilities.SafeInvoke: TestRun.LogMessages: Invoking callback 1/1 for Microsoft.VisualStudio.TestPlatform.CommandLine.TestRunResultAggregator., took 0 ms.
TpTrace Information: 0 : 5512, 14, 2024/12/08, 02:53:33.251, 11668556699921, vstest.console.dll, TestRunRequest:SendTestRunMessage: Completed.
TpTrace Verbose: 0 : 5512, 14, 2024/12/08, 02:53:33.251, 11668556700084, vstest.console.dll, MulticastDelegateUtilities.SafeInvoke: LengthPrefixCommunicationChannel: MessageReceived: Invoking callback 1/1 for Microsoft.VisualStudio.TestPlatform.CommunicationUtilities.TestRequestSender+<>c__DisplayClass34_0., took 0 ms.
TpTrace Verbose: 0 : 5512, 14, 2024/12/08, 02:53:33.251, 11668556700249, vstest.console.dll, TcpClientExtensions.MessageLoopAsync: Polling on remoteEndPoint: 127.0.0.1:57419 localEndPoint: 127.0.0.1:57418 after 1 ms
TpTrace Verbose: 0 : 5512, 4, 2024/12/08, 02:53:33.251, 11668556700210, vstest.console.dll, MulticastDelegateUtilities.SafeInvoke: InternalTestLoggerEvents.SendTestRunMessage: Invoking callback 1/1 for Microsoft.VisualStudio.TestPlatform.CommandLine.Internal.ConsoleLogger., took 0 ms.
TpTrace Verbose: 0 : 5512, 12, 2024/12/08, 02:53:33.370, 11668557888590, vstest.console.dll, TestHostManagerCallbacks.StandardOutputReceivedCallback Test host standard output line: Error: Description is required
TpTrace Verbose: 0 : 5512, 12, 2024/12/08, 02:53:33.370, 11668557890446, vstest.console.dll, MulticastDelegateUtilities.SafeInvoke: TestRunMessageLoggerProxy.SendMessage: Invoking callback 1/1 for Microsoft.VisualStudio.TestPlatform.Common.Logging.InternalTestLoggerEvents., took 0 ms.
TpTrace Verbose: 0 : 5512, 4, 2024/12/08, 02:53:33.370, 11668557891021, vstest.console.dll, MulticastDelegateUtilities.SafeInvoke: InternalTestLoggerEvents.SendMessage: Invoking callback 1/1 for Microsoft.VisualStudio.TestPlatform.CommandLine.Internal.ConsoleLogger., took 0 ms.
TpTrace Verbose: 0 : 5512, 14, 2024/12/08, 02:53:33.388, 11668558064950, vstest.console.dll, TcpClientExtensions.MessageLoopAsync: NotifyDataAvailable remoteEndPoint: 127.0.0.1:57419 localEndPoint: 127.0.0.1:57418
TpTrace Verbose: 0 : 5512, 14, 2024/12/08, 02:53:33.388, 11668558067345, vstest.console.dll, TestRequestSender.OnExecutionMessageReceived: Received message: {"Version":7,"MessageType":"TestExecution.StatsChange","Payload":{"NewTestResults":[{"TestCase":{"Id":"c566abd5-e748-410f-d7e2-9670f5504a3c","FullyQualifiedName":"BookProject.Tests.Tests.BookEntitiesTests.BookEntity_ShouldHandleRelationships","DisplayName":"BookProject.Tests.Tests.BookEntitiesTests.BookEntity_ShouldHandleRelationships","ExecutorUri":"executor://xunit/VsTestRunner2/netcoreapp","Source":"C:\\Users\\Konos\\OneDrive\\Documents\\GitHub\\BookProject\\BookProject.Tests\\bin\\Debug\\net8.0\\fine-code-coverage\\build-output\\BookProject.Tests.dll","CodeFilePath":null,"LineNumber":0,"Properties":[]},"Attachments":[],"Outcome":1,"ErrorMessage":null,"ErrorStackTrace":null,"DisplayName":"BookProject.Tests.Tests.BookEntitiesTests.BookEntity_ShouldHandleRelationships","Messages":[],"ComputerName":"GIGABYTE-G5","Duration":"00:00:00.0101368","StartTime":"2024-12-08T00:53:33.304028+00:00","EndTime":"2024-12-08T00:53:33.3040426+00:00","Properties":[]},{"TestCase":{"Id":"6cae9f21-2c5b-fe9c-1c2a-b80f29ec84e5","FullyQualifiedName":"BookProject.Tests.Tests.BookEntitiesTests.BookEntity_ShouldHaveRequiredProperties","DisplayName":"BookProject.Tests.Tests.BookEntitiesTests.BookEntity_ShouldHaveRequiredProperties","ExecutorUri":"executor://xunit/VsTestRunner2/netcoreapp","Source":"C:\\Users\\Konos\\OneDrive\\Documents\\GitHub\\BookProject\\BookProject.Tests\\bin\\Debug\\net8.0\\fine-code-coverage\\build-output\\BookProject.Tests.dll","CodeFilePath":null,"LineNumber":0,"Properties":[]},"Attachments":[],"Outcome":1,"ErrorMessage":null,"ErrorStackTrace":null,"DisplayName":"BookProject.Tests.Tests.BookEntitiesTests.BookEntity_ShouldHaveRequiredProperties","Messages":[],"ComputerName":"GIGABYTE-G5","Duration":"00:00:00.0005208","StartTime":"2024-12-08T00:53:33.3154398+00:00","EndTime":"2024-12-08T00:53:33.3154399+00:00","Properties":[]},{"TestCase":{"Id":"5e04d8dc-b1e2-bc67-a1ef-596ac9661fc9","FullyQualifiedName":"BookProject.Tests.Tests.BookControllerTests.AddDetails_Post_ShouldRedirectOnSuccess","DisplayName":"BookProject.Tests.Tests.BookControllerTests.AddDetails_Post_ShouldRedirectOnSuccess","ExecutorUri":"executor://xunit/VsTestRunner2/netcoreapp","Source":"C:\\Users\\Konos\\OneDrive\\Documents\\GitHub\\BookProject\\BookProject.Tests\\bin\\Debug\\net8.0\\fine-code-coverage\\build-output\\BookProject.Tests.dll","CodeFilePath":null,"LineNumber":0,"Properties":[]},"Attachments":[],"Outcome":1,"ErrorMessage":null,"ErrorStackTrace":null,"DisplayName":"BookProject.Tests.Tests.BookControllerTests.AddDetails_Post_ShouldRedirectOnSuccess","Messages":[],"ComputerName":"GIGABYTE-G5","Duration":"00:00:00.0703151","StartTime":"2024-12-08T00:53:33.3531603+00:00","EndTime":"2024-12-08T00:53:33.3531606+00:00","Properties":[]},{"TestCase":{"Id":"57583894-c957-33bc-8f3c-ffd5c473b9e0","FullyQualifiedName":"BookProject.Tests.Tests.BookControllerTests.UpdateBook_Post_ShouldHandleInvalidModel","DisplayName":"BookProject.Tests.Tests.BookControllerTests.UpdateBook_Post_ShouldHandleInvalidModel","ExecutorUri":"executor://xunit/VsTestRunner2/netcoreapp","Source":"C:\\Users\\Konos\\OneDrive\\Documents\\GitHub\\BookProject\\BookProject.Tests\\bin\\Debug\\net8.0\\fine-code-coverage\\build-output\\BookProject.Tests.dll","CodeFilePath":null,"LineNumber":0,"Properties":[]},"Attachments":[],"Outcome":1,"ErrorMessage":null,"ErrorStackTrace":null,"DisplayName":"BookProject.Tests.Tests.BookControllerTests.UpdateBook_Post_ShouldHandleInvalidModel","Messages":[],"ComputerName":"GIGABYTE-G5","Duration":"00:00:00.0111765","StartTime":"2024-12-08T00:53:33.364508+00:00","EndTime":"2024-12-08T00:53:33.3645083+00:00","Properties":[]},{"TestCase":{"Id":"ed18ee63-a88c-5bab-179a-c1b32f6a7396","FullyQualifiedName":"BookProject.Tests.Tests.BookControllerTests.AddBook_Get_ShouldReturnViewWithGenres","DisplayName":"BookProject.Tests.Tests.BookControllerTests.AddBook_Get_ShouldReturnViewWithGenres","ExecutorUri":"executor://xunit/VsTestRunner2/netcoreapp","Source":"C:\\Users\\Konos\\OneDrive\\Documents\\GitHub\\BookProject\\BookProject.Tests\\bin\\Debug\\net8.0\\fine-code-coverage\\build-output\\BookProject.Tests.dll","CodeFilePath":null,"LineNumber":0,"Properties":[]},"Attachments":[],"Outcome":1,"ErrorMessage":null,"ErrorStackTrace":null,"DisplayName":"BookProject.Tests.Tests.BookControllerTests.AddBook_Get_ShouldReturnViewWithGenres","Messages":[],"ComputerName":"GIGABYTE-G5","Duration":"00:00:00.0037220","StartTime":"2024-12-08T00:53:33.3682401+00:00","EndTime":"2024-12-08T00:53:33.3682404+00:00","Properties":[]},{"TestCase":{"Id":"1beae36b-1267-0f3d-673b-a560185cfac0","FullyQualifiedName":"BookProject.Tests.Tests.BookControllerTests.AddDetails_Post_ShouldHandleInvalidModel","DisplayName":"BookProject.Tests.Tests.BookControllerTests.AddDetails_Post_ShouldHandleInvalidModel","ExecutorUri":"executor://xunit/VsTestRunner2/netcoreapp","Source":"C:\\Users\\Konos\\OneDrive\\Documents\\GitHub\\BookProject\\BookProject.Tests\\bin\\Debug\\net8.0\\fine-code-coverage\\build-output\\BookProject.Tests.dll","CodeFilePath":null,"LineNumber":0,"Properties":[]},"Attachments":[],"Outcome":1,"ErrorMessage":null,"ErrorStackTrace":null,"DisplayName":"BookProject.Tests.Tests.BookControllerTests.AddDetails_Post_ShouldHandleInvalidModel","Messages":[],"ComputerName":"GIGABYTE-G5","Duration":"00:00:00.0019784","StartTime":"2024-12-08T00:53:33.3709556+00:00","EndTime":"2024-12-08T00:53:33.3709558+00:00","Properties":[]}],"TestRunStatistics":{"ExecutedTests":6,"Stats":{"Passed":6}},"ActiveTests":[{"Id":"e8e2b953-feaa-5b80-8839-679a46c148ad","FullyQualifiedName":"BookProject.Tests.Tests.CartRepositoryTests.GetUserCart_ShouldReturnCartWithDetails","DisplayName":"BookProject.Tests.Tests.CartRepositoryTests.GetUserCart_ShouldReturnCartWithDetails","ExecutorUri":"executor://xunit/VsTestRunner2/netcoreapp","Source":"C:\\Users\\Konos\\OneDrive\\Documents\\GitHub\\BookProject\\BookProject.Tests\\bin\\Debug\\net8.0\\fine-code-coverage\\build-output\\BookProject.Tests.dll","CodeFilePath":null,"LineNumber":0,"Properties":[]},{"Id":"c44f8bb0-6b84-c35d-0014-d62fbff30b53","FullyQualifiedName":"BookProject.Tests.Tests.BookRepositoryTests.UpdateBook_ShouldModifyBookDetails","DisplayName":"BookProject.Tests.Tests.BookRepositoryTests.UpdateBook_ShouldModifyBookDetails","ExecutorUri":"executor://xunit/VsTestRunner2/netcoreapp","Source":"C:\\Users\\Konos\\OneDrive\\Documents\\GitHub\\BookProject\\BookProject.Tests\\bin\\Debug\\net8.0\\fine-code-coverage\\build-output\\BookProject.Tests.dll","CodeFilePath":null,"LineNumber":0,"Properties":[]},{"Id":"cb78d3ae-26fa-2a19-12f6-4639a1afba2e","FullyQualifiedName":"BookProject.Tests.Tests.StockRepositoryTests.ManageStock_ShouldUpdateStockIfExists","DisplayName":"BookProject.Tests.Tests.StockRepositoryTests.ManageStock_ShouldUpdateStockIfExists","ExecutorUri":"executor://xunit/VsTestRunner2/netcoreapp","Source":"C:\\Users\\Konos\\OneDrive\\Documents\\GitHub\\BookProject\\BookProject.Tests\\bin\\Debug\\net8.0\\fine-code-coverage\\build-output\\BookProject.Tests.dll","CodeFilePath":null,"LineNumber":0,"Properties":[]},{"Id":"54ad2f18-a98d-0331-9482-fd96ae354596","FullyQualifiedName":"BookProject.Tests.Tests.BookControllerTests.DeleteBook_ShouldHandleBookNotFound","DisplayName":"BookProject.Tests.Tests.BookControllerTests.DeleteBook_ShouldHandleBookNotFound","ExecutorUri":"executor://xunit/VsTestRunner2/netcoreapp","Source":"C:\\Users\\Konos\\OneDrive\\Documents\\GitHub\\BookProject\\BookProject.Tests\\bin\\Debug\\net8.0\\fine-code-coverage\\build-output\\BookProject.Tests.dll","CodeFilePath":null,"LineNumber":0,"Properties":[]}]}}
TpTrace Verbose: 0 : 5512, 14, 2024/12/08, 02:53:33.405, 11668558233468, vstest.console.dll, TestRunRequest:SendTestRunStatsChange: Starting.
TpTrace Verbose: 0 : 5512, 14, 2024/12/08, 02:53:33.405, 11668558234656, vstest.console.dll, InProgress is BookProject.Tests.Tests.CartRepositoryTests.GetUserCart_ShouldReturnCartWithDetails
TpTrace Verbose: 0 : 5512, 14, 2024/12/08, 02:53:33.405, 11668558234894, vstest.console.dll, InProgress is BookProject.Tests.Tests.BookRepositoryTests.UpdateBook_ShouldModifyBookDetails
TpTrace Verbose: 0 : 5512, 14, 2024/12/08, 02:53:33.405, 11668558236506, vstest.console.dll, InProgress is BookProject.Tests.Tests.StockRepositoryTests.ManageStock_ShouldUpdateStockIfExists
TpTrace Verbose: 0 : 5512, 14, 2024/12/08, 02:53:33.405, 11668558237348, vstest.console.dll, InProgress is BookProject.Tests.Tests.BookControllerTests.DeleteBook_ShouldHandleBookNotFound
TpTrace Verbose: 0 : 5512, 14, 2024/12/08, 02:53:33.405, 11668558238869, vstest.console.dll, MulticastDelegateUtilities.SafeInvoke: TestRun.RunStatsChanged: Invoking callbacks was skipped because there are no subscribers.
TpTrace Information: 0 : 5512, 14, 2024/12/08, 02:53:33.405, 11668558239440, vstest.console.dll, TestRunRequest:SendTestRunStatsChange: Completed.
TpTrace Verbose: 0 : 5512, 14, 2024/12/08, 02:53:33.405, 11668558239725, vstest.console.dll, MulticastDelegateUtilities.SafeInvoke: LengthPrefixCommunicationChannel: MessageReceived: Invoking callback 1/1 for Microsoft.VisualStudio.TestPlatform.CommunicationUtilities.TestRequestSender+<>c__DisplayClass34_0., took 17 ms.
TpTrace Verbose: 0 : 5512, 14, 2024/12/08, 02:53:33.405, 11668558239997, vstest.console.dll, TcpClientExtensions.MessageLoopAsync: Polling on remoteEndPoint: 127.0.0.1:57419 localEndPoint: 127.0.0.1:57418 after 153 ms
TpTrace Verbose: 0 : 5512, 4, 2024/12/08, 02:53:33.407, 11668558260166, vstest.console.dll, MulticastDelegateUtilities.SafeInvoke: InternalTestLoggerEvents.SendTestResult: Invoking callback 1/1 for Microsoft.VisualStudio.TestPlatform.CommandLine.Internal.ConsoleLogger., took 2 ms.
TpTrace Verbose: 0 : 5512, 4, 2024/12/08, 02:53:33.408, 11668558262669, vstest.console.dll, MulticastDelegateUtilities.SafeInvoke: InternalTestLoggerEvents.SendTestResult: Invoking callback 1/1 for Microsoft.VisualStudio.TestPlatform.CommandLine.Internal.ConsoleLogger., took 0 ms.
TpTrace Verbose: 0 : 5512, 4, 2024/12/08, 02:53:33.408, 11668558263230, vstest.console.dll, MulticastDelegateUtilities.SafeInvoke: InternalTestLoggerEvents.SendTestResult: Invoking callback 1/1 for Microsoft.VisualStudio.TestPlatform.CommandLine.Internal.ConsoleLogger., took 0 ms.
TpTrace Verbose: 0 : 5512, 4, 2024/12/08, 02:53:33.408, 11668558263549, vstest.console.dll, MulticastDelegateUtilities.SafeInvoke: InternalTestLoggerEvents.SendTestResult: Invoking callback 1/1 for Microsoft.VisualStudio.TestPlatform.CommandLine.Internal.ConsoleLogger., took 0 ms.
TpTrace Verbose: 0 : 5512, 4, 2024/12/08, 02:53:33.408, 11668558263762, vstest.console.dll, MulticastDelegateUtilities.SafeInvoke: InternalTestLoggerEvents.SendTestResult: Invoking callback 1/1 for Microsoft.VisualStudio.TestPlatform.CommandLine.Internal.ConsoleLogger., took 0 ms.
TpTrace Verbose: 0 : 5512, 4, 2024/12/08, 02:53:33.408, 11668558263970, vstest.console.dll, MulticastDelegateUtilities.SafeInvoke: InternalTestLoggerEvents.SendTestResult: Invoking callback 1/1 for Microsoft.VisualStudio.TestPlatform.CommandLine.Internal.ConsoleLogger., took 0 ms.
TpTrace Verbose: 0 : 5512, 14, 2024/12/08, 02:53:33.859, 11668562774202, vstest.console.dll, TcpClientExtensions.MessageLoopAsync: NotifyDataAvailable remoteEndPoint: 127.0.0.1:57419 localEndPoint: 127.0.0.1:57418
TpTrace Verbose: 0 : 5512, 14, 2024/12/08, 02:53:33.859, 11668562779434, vstest.console.dll, TestRequestSender.OnExecutionMessageReceived: Received message: {"Version":7,"MessageType":"TestExecution.StatsChange","Payload":{"NewTestResults":[{"TestCase":{"Id":"54ad2f18-a98d-0331-9482-fd96ae354596","FullyQualifiedName":"BookProject.Tests.Tests.BookControllerTests.DeleteBook_ShouldHandleBookNotFound","DisplayName":"BookProject.Tests.Tests.BookControllerTests.DeleteBook_ShouldHandleBookNotFound","ExecutorUri":"executor://xunit/VsTestRunner2/netcoreapp","Source":"C:\\Users\\Konos\\OneDrive\\Documents\\GitHub\\BookProject\\BookProject.Tests\\bin\\Debug\\net8.0\\fine-code-coverage\\build-output\\BookProject.Tests.dll","CodeFilePath":null,"LineNumber":0,"Properties":[]},"Attachments":[],"Outcome":1,"ErrorMessage":null,"ErrorStackTrace":null,"DisplayName":"BookProject.Tests.Tests.BookControllerTests.DeleteBook_ShouldHandleBookNotFound","Messages":[],"ComputerName":"GIGABYTE-G5","Duration":"00:00:00.0019366","StartTime":"2024-12-08T00:53:33.3980391+00:00","EndTime":"2024-12-08T00:53:33.3980393+00:00","Properties":[]},{"TestCase":{"Id":"fd800445-4d13-adde-5a9a-c8640cdd7847","FullyQualifiedName":"BookProject.Tests.Tests.BookControllerTests.AddBook_Post_ShouldRedirectOnSuccess","DisplayName":"BookProject.Tests.Tests.BookControllerTests.AddBook_Post_ShouldRedirectOnSuccess","ExecutorUri":"executor://xunit/VsTestRunner2/netcoreapp","Source":"C:\\Users\\Konos\\OneDrive\\Documents\\GitHub\\BookProject\\BookProject.Tests\\bin\\Debug\\net8.0\\fine-code-coverage\\build-output\\BookProject.Tests.dll","CodeFilePath":null,"LineNumber":0,"Properties":[]},"Attachments":[],"Outcome":1,"ErrorMessage":null,"ErrorStackTrace":null,"DisplayName":"BookProject.Tests.Tests.BookControllerTests.AddBook_Post_ShouldRedirectOnSuccess","Messages":[],"ComputerName":"GIGABYTE-G5","Duration":"00:00:00.0050165","StartTime":"2024-12-08T00:53:33.4003127+00:00","EndTime":"2024-12-08T00:53:33.4003128+00:00","Properties":[]},{"TestCase":{"Id":"414f3baf-f9a5-7981-de6b-e2980fdbbdec","FullyQualifiedName":"BookProject.Tests.Tests.BookControllerTests.UpdateBook_Post_ShouldRedirectOnSuccess","DisplayName":"BookProject.Tests.Tests.BookControllerTests.UpdateBook_Post_ShouldRedirectOnSuccess","ExecutorUri":"executor://xunit/VsTestRunner2/netcoreapp","Source":"C:\\Users\\Konos\\OneDrive\\Documents\\GitHub\\BookProject\\BookProject.Tests\\bin\\Debug\\net8.0\\fine-code-coverage\\build-output\\BookProject.Tests.dll","CodeFilePath":null,"LineNumber":0,"Properties":[]},"Attachments":[],"Outcome":1,"ErrorMessage":null,"ErrorStackTrace":null,"DisplayName":"BookProject.Tests.Tests.BookControllerTests.UpdateBook_Post_ShouldRedirectOnSuccess","Messages":[],"ComputerName":"GIGABYTE-G5","Duration":"00:00:00.0008487","StartTime":"2024-12-08T00:53:33.4016663+00:00","EndTime":"2024-12-08T00:53:33.4016664+00:00","Properties":[]},{"TestCase":{"Id":"a04c8bbc-8d16-1945-e17f-c8c32d454f02","FullyQualifiedName":"BookProject.Tests.Tests.BookControllerTests.ViewDetails_SholdHandleDetailsNotFound","DisplayName":"BookProject.Tests.Tests.BookControllerTests.ViewDetails_SholdHandleDetailsNotFound","ExecutorUri":"executor://xunit/VsTestRunner2/netcoreapp","Source":"C:\\Users\\Konos\\OneDrive\\Documents\\GitHub\\BookProject\\BookProject.Tests\\bin\\Debug\\net8.0\\fine-code-coverage\\build-output\\BookProject.Tests.dll","CodeFilePath":null,"LineNumber":0,"Properties":[]},"Attachments":[],"Outcome":1,"ErrorMessage":null,"ErrorStackTrace":null,"DisplayName":"BookProject.Tests.Tests.BookControllerTests.ViewDetails_SholdHandleDetailsNotFound","Messages":[],"ComputerName":"GIGABYTE-G5","Duration":"00:00:00.0014245","StartTime":"2024-12-08T00:53:33.4029972+00:00","EndTime":"2024-12-08T00:53:33.4029973+00:00","Properties":[]},{"TestCase":{"Id":"d4a9acab-6ac0-2a10-1813-5eac53bd411f","FullyQualifiedName":"BookProject.Tests.Tests.BookControllerTests.Index_ShouldReturnViewWithBooks","DisplayName":"BookProject.Tests.Tests.BookControllerTests.Index_ShouldReturnViewWithBooks","ExecutorUri":"executor://xunit/VsTestRunner2/netcoreapp","Source":"C:\\Users\\Konos\\OneDrive\\Documents\\GitHub\\BookProject\\BookProject.Tests\\bin\\Debug\\net8.0\\fine-code-coverage\\build-output\\BookProject.Tests.dll","CodeFilePath":null,"LineNumber":0,"Properties":[]},"Attachments":[],"Outcome":1,"ErrorMessage":null,"ErrorStackTrace":null,"DisplayName":"BookProject.Tests.Tests.BookControllerTests.Index_ShouldReturnViewWithBooks","Messages":[],"ComputerName":"GIGABYTE-G5","Duration":"00:00:00.0032557","StartTime":"2024-12-08T00:53:33.4042726+00:00","EndTime":"2024-12-08T00:53:33.4042727+00:00","Properties":[]},{"TestCase":{"Id":"9fd929de-7cee-20ab-d5f2-d69ea3a420e0","FullyQualifiedName":"BookProject.Tests.Tests.BookControllerTests.AddBook_Post_ShouldHandleInvalidModel","DisplayName":"BookProject.Tests.Tests.BookControllerTests.AddBook_Post_ShouldHandleInvalidModel","ExecutorUri":"executor://xunit/VsTestRunner2/netcoreapp","Source":"C:\\Users\\Konos\\OneDrive\\Documents\\GitHub\\BookProject\\BookProject.Tests\\bin\\Debug\\net8.0\\fine-code-coverage\\build-output\\BookProject.Tests.dll","CodeFilePath":null,"LineNumber":0,"Properties":[]},"Attachments":[],"Outcome":1,"ErrorMessage":null,"ErrorStackTrace":null,"DisplayName":"BookProject.Tests.Tests.BookControllerTests.AddBook_Post_ShouldHandleInvalidModel","Messages":[],"ComputerName":"GIGABYTE-G5","Duration":"00:00:00.0005392","StartTime":"2024-12-08T00:53:33.4060185+00:00","EndTime":"2024-12-08T00:53:33.4060187+00:00","Properties":[]},{"TestCase":{"Id":"640ba4f9-d5e6-1004-3901-612f996cf217","FullyQualifiedName":"BookProject.Tests.Tests.BookControllerTests.DeleteBook_ShouldRedirectOnSuccess","DisplayName":"BookProject.Tests.Tests.BookControllerTests.DeleteBook_ShouldRedirectOnSuccess","ExecutorUri":"executor://xunit/VsTestRunner2/netcoreapp","Source":"C:\\Users\\Konos\\OneDrive\\Documents\\GitHub\\BookProject\\BookProject.Tests\\bin\\Debug\\net8.0\\fine-code-coverage\\build-output\\BookProject.Tests.dll","CodeFilePath":null,"LineNumber":0,"Properties":[]},"Attachments":[],"Outcome":1,"ErrorMessage":null,"ErrorStackTrace":null,"DisplayName":"BookProject.Tests.Tests.BookControllerTests.DeleteBook_ShouldRedirectOnSuccess","Messages":[],"ComputerName":"GIGABYTE-G5","Duration":"00:00:00.0046956","StartTime":"2024-12-08T00:53:33.4076645+00:00","EndTime":"2024-12-08T00:53:33.4076646+00:00","Properties":[]},{"TestCase":{"Id":"8507a810-754f-695c-7cfd-70bd4f6351df","FullyQualifiedName":"BookProject.Tests.Tests.BookControllerTests.UpdateBook_Get_ShouldReturnViewWithBookDetails","DisplayName":"BookProject.Tests.Tests.BookControllerTests.UpdateBook_Get_ShouldReturnViewWithBookDetails","ExecutorUri":"executor://xunit/VsTestRunner2/netcoreapp","Source":"C:\\Users\\Konos\\OneDrive\\Documents\\GitHub\\BookProject\\BookProject.Tests\\bin\\Debug\\net8.0\\fine-code-coverage\\build-output\\BookProject.Tests.dll","CodeFilePath":null,"LineNumber":0,"Properties":[]},"Attachments":[],"Outcome":1,"ErrorMessage":null,"ErrorStackTrace":null,"DisplayName":"BookProject.Tests.Tests.BookControllerTests.UpdateBook_Get_ShouldReturnViewWithBookDetails","Messages":[],"ComputerName":"GIGABYTE-G5","Duration":"00:00:00.0096107","StartTime":"2024-12-08T00:53:33.4091367+00:00","EndTime":"2024-12-08T00:53:33.4091368+00:00","Properties":[]},{"TestCase":{"Id":"bd5d3ec2-b891-fd70-b096-868c2701445d","FullyQualifiedName":"BookProject.Tests.Tests.BookControllerTests.ViewDetails_ShouldReturnViewWithDetails","DisplayName":"BookProject.Tests.Tests.BookControllerTests.ViewDetails_ShouldReturnViewWithDetails","ExecutorUri":"executor://xunit/VsTestRunner2/netcoreapp","Source":"C:\\Users\\Konos\\OneDrive\\Documents\\GitHub\\BookProject\\BookProject.Tests\\bin\\Debug\\net8.0\\fine-code-coverage\\build-output\\BookProject.Tests.dll","CodeFilePath":null,"LineNumber":0,"Properties":[]},"Attachments":[],"Outcome":1,"ErrorMessage":null,"ErrorStackTrace":null,"DisplayName":"BookProject.Tests.Tests.BookControllerTests.ViewDetails_ShouldReturnViewWithDetails","Messages":[],"ComputerName":"GIGABYTE-G5","Duration":"00:00:00.0007455","StartTime":"2024-12-08T00:53:33.4105198+00:00","EndTime":"2024-12-08T00:53:33.4105199+00:00","Properties":[]},{"TestCase":{"Id":"c44f8bb0-6b84-c35d-0014-d62fbff30b53","FullyQualifiedName":"BookProject.Tests.Tests.BookRepositoryTests.UpdateBook_ShouldModifyBookDetails","DisplayName":"BookProject.Tests.Tests.BookRepositoryTests.UpdateBook_ShouldModifyBookDetails","ExecutorUri":"executor://xunit/VsTestRunner2/netcoreapp","Source":"C:\\Users\\Konos\\OneDrive\\Documents\\GitHub\\BookProject\\BookProject.Tests\\bin\\Debug\\net8.0\\fine-code-coverage\\build-output\\BookProject.Tests.dll","CodeFilePath":null,"LineNumber":0,"Properties":[]},"Attachments":[],"Outcome":1,"ErrorMessage":null,"ErrorStackTrace":null,"DisplayName":"BookProject.Tests.Tests.BookRepositoryTests.UpdateBook_ShouldModifyBookDetails","Messages":[],"ComputerName":"GIGABYTE-G5","Duration":"00:00:00.5717797","StartTime":"2024-12-08T00:53:33.8558573+00:00","EndTime":"2024-12-08T00:53:33.8558577+00:00","Properties":[]}],"TestRunStatistics":{"ExecutedTests":16,"Stats":{"Passed":16}},"ActiveTests":[]}}
TpTrace Verbose: 0 : 5512, 14, 2024/12/08, 02:53:33.860, 11668562791761, vstest.console.dll, TestRunRequest:SendTestRunStatsChange: Starting.
TpTrace Verbose: 0 : 5512, 14, 2024/12/08, 02:53:33.861, 11668562792842, vstest.console.dll, MulticastDelegateUtilities.SafeInvoke: TestRun.RunStatsChanged: Invoking callbacks was skipped because there are no subscribers.
TpTrace Information: 0 : 5512, 14, 2024/12/08, 02:53:33.861, 11668562793179, vstest.console.dll, TestRunRequest:SendTestRunStatsChange: Completed.
TpTrace Verbose: 0 : 5512, 14, 2024/12/08, 02:53:33.861, 11668562793387, vstest.console.dll, MulticastDelegateUtilities.SafeInvoke: LengthPrefixCommunicationChannel: MessageReceived: Invoking callback 1/1 for Microsoft.VisualStudio.TestPlatform.CommunicationUtilities.TestRequestSender+<>c__DisplayClass34_0., took 1 ms.
TpTrace Verbose: 0 : 5512, 4, 2024/12/08, 02:53:33.861, 11668562793459, vstest.console.dll, MulticastDelegateUtilities.SafeInvoke: InternalTestLoggerEvents.SendTestResult: Invoking callback 1/1 for Microsoft.VisualStudio.TestPlatform.CommandLine.Internal.ConsoleLogger., took 0 ms.
TpTrace Verbose: 0 : 5512, 14, 2024/12/08, 02:53:33.861, 11668562793595, vstest.console.dll, TcpClientExtensions.MessageLoopAsync: Polling on remoteEndPoint: 127.0.0.1:57419 localEndPoint: 127.0.0.1:57418 after 455 ms
TpTrace Verbose: 0 : 5512, 4, 2024/12/08, 02:53:33.861, 11668562794193, vstest.console.dll, MulticastDelegateUtilities.SafeInvoke: InternalTestLoggerEvents.SendTestResult: Invoking callback 1/1 for Microsoft.VisualStudio.TestPlatform.CommandLine.Internal.ConsoleLogger., took 0 ms.
TpTrace Verbose: 0 : 5512, 4, 2024/12/08, 02:53:33.861, 11668562802410, vstest.console.dll, MulticastDelegateUtilities.SafeInvoke: InternalTestLoggerEvents.SendTestResult: Invoking callback 1/1 for Microsoft.VisualStudio.TestPlatform.CommandLine.Internal.ConsoleLogger., took 0 ms.
TpTrace Verbose: 0 : 5512, 4, 2024/12/08, 02:53:33.862, 11668562803090, vstest.console.dll, MulticastDelegateUtilities.SafeInvoke: InternalTestLoggerEvents.SendTestResult: Invoking callback 1/1 for Microsoft.VisualStudio.TestPlatform.CommandLine.Internal.ConsoleLogger., took 0 ms.
TpTrace Verbose: 0 : 5512, 4, 2024/12/08, 02:53:33.862, 11668562803341, vstest.console.dll, MulticastDelegateUtilities.SafeInvoke: InternalTestLoggerEvents.SendTestResult: Invoking callback 1/1 for Microsoft.VisualStudio.TestPlatform.CommandLine.Internal.ConsoleLogger., took 0 ms.
TpTrace Verbose: 0 : 5512, 4, 2024/12/08, 02:53:33.862, 11668562803608, vstest.console.dll, MulticastDelegateUtilities.SafeInvoke: InternalTestLoggerEvents.SendTestResult: Invoking callback 1/1 for Microsoft.VisualStudio.TestPlatform.CommandLine.Internal.ConsoleLogger., took 0 ms.
TpTrace Verbose: 0 : 5512, 4, 2024/12/08, 02:53:33.862, 11668562803807, vstest.console.dll, MulticastDelegateUtilities.SafeInvoke: InternalTestLoggerEvents.SendTestResult: Invoking callback 1/1 for Microsoft.VisualStudio.TestPlatform.CommandLine.Internal.ConsoleLogger., took 0 ms.
TpTrace Verbose: 0 : 5512, 4, 2024/12/08, 02:53:33.862, 11668562804015, vstest.console.dll, MulticastDelegateUtilities.SafeInvoke: InternalTestLoggerEvents.SendTestResult: Invoking callback 1/1 for Microsoft.VisualStudio.TestPlatform.CommandLine.Internal.ConsoleLogger., took 0 ms.
TpTrace Verbose: 0 : 5512, 4, 2024/12/08, 02:53:33.862, 11668562804315, vstest.console.dll, MulticastDelegateUtilities.SafeInvoke: InternalTestLoggerEvents.SendTestResult: Invoking callback 1/1 for Microsoft.VisualStudio.TestPlatform.CommandLine.Internal.ConsoleLogger., took 0 ms.
TpTrace Verbose: 0 : 5512, 4, 2024/12/08, 02:53:33.862, 11668562804527, vstest.console.dll, MulticastDelegateUtilities.SafeInvoke: InternalTestLoggerEvents.SendTestResult: Invoking callback 1/1 for Microsoft.VisualStudio.TestPlatform.CommandLine.Internal.ConsoleLogger., took 0 ms.
TpTrace Verbose: 0 : 5512, 14, 2024/12/08, 02:53:33.958, 11668563764527, vstest.console.dll, TcpClientExtensions.MessageLoopAsync: NotifyDataAvailable remoteEndPoint: 127.0.0.1:57419 localEndPoint: 127.0.0.1:57418
TpTrace Verbose: 0 : 5512, 14, 2024/12/08, 02:53:33.958, 11668563766465, vstest.console.dll, TestRequestSender.OnExecutionMessageReceived: Received message: {"Version":7,"MessageType":"TestExecution.StatsChange","Payload":{"NewTestResults":[{"TestCase":{"Id":"d95f5dc0-a860-be47-2b3b-6efd3bb73eac","FullyQualifiedName":"BookProject.Tests.Tests.BookRepositoryTests.DeleteBook_ShouldRemoveBookFromDatabase","DisplayName":"BookProject.Tests.Tests.BookRepositoryTests.DeleteBook_ShouldRemoveBookFromDatabase","ExecutorUri":"executor://xunit/VsTestRunner2/netcoreapp","Source":"C:\\Users\\Konos\\OneDrive\\Documents\\GitHub\\BookProject\\BookProject.Tests\\bin\\Debug\\net8.0\\fine-code-coverage\\build-output\\BookProject.Tests.dll","CodeFilePath":null,"LineNumber":0,"Properties":[]},"Attachments":[],"Outcome":1,"ErrorMessage":null,"ErrorStackTrace":null,"DisplayName":"BookProject.Tests.Tests.BookRepositoryTests.DeleteBook_ShouldRemoveBookFromDatabase","Messages":[],"ComputerName":"GIGABYTE-G5","Duration":"00:00:00.0396696","StartTime":"2024-12-08T00:53:33.8956344+00:00","EndTime":"2024-12-08T00:53:33.8956347+00:00","Properties":[]},{"TestCase":{"Id":"3dd4c109-2cb8-0558-a288-30c80b0143c0","FullyQualifiedName":"BookProject.Tests.Tests.BookRepositoryTests.GetBookById_ShouldReturnCorrectBook","DisplayName":"BookProject.Tests.Tests.BookRepositoryTests.GetBookById_ShouldReturnCorrectBook","ExecutorUri":"executor://xunit/VsTestRunner2/netcoreapp","Source":"C:\\Users\\Konos\\OneDrive\\Documents\\GitHub\\BookProject\\BookProject.Tests\\bin\\Debug\\net8.0\\fine-code-coverage\\build-output\\BookProject.Tests.dll","CodeFilePath":null,"LineNumber":0,"Properties":[]},"Attachments":[],"Outcome":1,"ErrorMessage":null,"ErrorStackTrace":null,"DisplayName":"BookProject.Tests.Tests.BookRepositoryTests.GetBookById_ShouldReturnCorrectBook","Messages":[],"ComputerName":"GIGABYTE-G5","Duration":"00:00:00.0009324","StartTime":"2024-12-08T00:53:33.8984854+00:00","EndTime":"2024-12-08T00:53:33.8984855+00:00","Properties":[]},{"TestCase":{"Id":"cb78d3ae-26fa-2a19-12f6-4639a1afba2e","FullyQualifiedName":"BookProject.Tests.Tests.StockRepositoryTests.ManageStock_ShouldUpdateStockIfExists","DisplayName":"BookProject.Tests.Tests.StockRepositoryTests.ManageStock_ShouldUpdateStockIfExists","ExecutorUri":"executor://xunit/VsTestRunner2/netcoreapp","Source":"C:\\Users\\Konos\\OneDrive\\Documents\\GitHub\\BookProject\\BookProject.Tests\\bin\\Debug\\net8.0\\fine-code-coverage\\build-output\\BookProject.Tests.dll","CodeFilePath":null,"LineNumber":0,"Properties":[]},"Attachments":[],"Outcome":1,"ErrorMessage":null,"ErrorStackTrace":null,"DisplayName":"BookProject.Tests.Tests.StockRepositoryTests.ManageStock_ShouldUpdateStockIfExists","Messages":[],"ComputerName":"GIGABYTE-G5","Duration":"00:00:00.6169818","StartTime":"2024-12-08T00:53:33.9003151+00:00","EndTime":"2024-12-08T00:53:33.9003151+00:00","Properties":[]},{"TestCase":{"Id":"ef27781e-140a-48ba-56ec-01da07a76df7","FullyQualifiedName":"BookProject.Tests.Tests.BookRepositoryTests.AddBook_ShouldAddBookToDatabase","DisplayName":"BookProject.Tests.Tests.BookRepositoryTests.AddBook_ShouldAddBookToDatabase","ExecutorUri":"executor://xunit/VsTestRunner2/netcoreapp","Source":"C:\\Users\\Konos\\OneDrive\\Documents\\GitHub\\BookProject\\BookProject.Tests\\bin\\Debug\\net8.0\\fine-code-coverage\\build-output\\BookProject.Tests.dll","CodeFilePath":null,"LineNumber":0,"Properties":[]},"Attachments":[],"Outcome":1,"ErrorMessage":null,"ErrorStackTrace":null,"DisplayName":"BookProject.Tests.Tests.BookRepositoryTests.AddBook_ShouldAddBookToDatabase","Messages":[],"ComputerName":"GIGABYTE-G5","Duration":"00:00:00.0050276","StartTime":"2024-12-08T00:53:33.9021402+00:00","EndTime":"2024-12-08T00:53:33.9021404+00:00","Properties":[]},{"TestCase":{"Id":"6543acb0-d70d-c543-fe1a-2d63d4368cee","FullyQualifiedName":"BookProject.Tests.Tests.StockRepositoryTests.GetStockByBookId_ShouldReturnCorrectStock","DisplayName":"BookProject.Tests.Tests.StockRepositoryTests.GetStockByBookId_ShouldReturnCorrectStock","ExecutorUri":"executor://xunit/VsTestRunner2/netcoreapp","Source":"C:\\Users\\Konos\\OneDrive\\Documents\\GitHub\\BookProject\\BookProject.Tests\\bin\\Debug\\net8.0\\fine-code-coverage\\build-output\\BookProject.Tests.dll","CodeFilePath":null,"LineNumber":0,"Properties":[]},"Attachments":[],"Outcome":1,"ErrorMessage":null,"ErrorStackTrace":null,"DisplayName":"BookProject.Tests.Tests.StockRepositoryTests.GetStockByBookId_ShouldReturnCorrectStock","Messages":[],"ComputerName":"GIGABYTE-G5","Duration":"00:00:00.0044338","StartTime":"2024-12-08T00:53:33.9045767+00:00","EndTime":"2024-12-08T00:53:33.9045782+00:00","Properties":[]},{"TestCase":{"Id":"c92fb2bf-d10f-42a9-a24c-d4691f84dcc0","FullyQualifiedName":"BookProject.Tests.Tests.StockRepositoryTests.BookExists_ShouldReturnTrueIfBookExists","DisplayName":"BookProject.Tests.Tests.StockRepositoryTests.BookExists_ShouldReturnTrueIfBookExists","ExecutorUri":"executor://xunit/VsTestRunner2/netcoreapp","Source":"C:\\Users\\Konos\\OneDrive\\Documents\\GitHub\\BookProject\\BookProject.Tests\\bin\\Debug\\net8.0\\fine-code-coverage\\build-output\\BookProject.Tests.dll","CodeFilePath":null,"LineNumber":0,"Properties":[]},"Attachments":[],"Outcome":1,"ErrorMessage":null,"ErrorStackTrace":null,"DisplayName":"BookProject.Tests.Tests.StockRepositoryTests.BookExists_ShouldReturnTrueIfBookExists","Messages":[],"ComputerName":"GIGABYTE-G5","Duration":"00:00:00.0132334","StartTime":"2024-12-08T00:53:33.9177222+00:00","EndTime":"2024-12-08T00:53:33.9177224+00:00","Properties":[]},{"TestCase":{"Id":"e39b8f9e-3c68-835e-3493-b2493d7e467d","FullyQualifiedName":"BookProject.Tests.Tests.BookRepositoryTests.GetBooks_ShouldReturnAllBooks","DisplayName":"BookProject.Tests.Tests.BookRepositoryTests.GetBooks_ShouldReturnAllBooks","ExecutorUri":"executor://xunit/VsTestRunner2/netcoreapp","Source":"C:\\Users\\Konos\\OneDrive\\Documents\\GitHub\\BookProject\\BookProject.Tests\\bin\\Debug\\net8.0\\fine-code-coverage\\build-output\\BookProject.Tests.dll","CodeFilePath":null,"LineNumber":0,"Properties":[]},"Attachments":[],"Outcome":1,"ErrorMessage":null,"ErrorStackTrace":null,"DisplayName":"BookProject.Tests.Tests.BookRepositoryTests.GetBooks_ShouldReturnAllBooks","Messages":[],"ComputerName":"GIGABYTE-G5","Duration":"00:00:00.0335297","StartTime":"2024-12-08T00:53:33.9353333+00:00","EndTime":"2024-12-08T00:53:33.9353336+00:00","Properties":[]},{"TestCase":{"Id":"2794d687-2670-8f05-43e5-115713d1804e","FullyQualifiedName":"BookProject.Tests.Tests.StockRepositoryTests.GetStocks_ShouldReturnAllStocksMatchingSearchTerm","DisplayName":"BookProject.Tests.Tests.StockRepositoryTests.GetStocks_ShouldReturnAllStocksMatchingSearchTerm","ExecutorUri":"executor://xunit/VsTestRunner2/netcoreapp","Source":"C:\\Users\\Konos\\OneDrive\\Documents\\GitHub\\BookProject\\BookProject.Tests\\bin\\Debug\\net8.0\\fine-code-coverage\\build-output\\BookProject.Tests.dll","CodeFilePath":null,"LineNumber":0,"Properties":[]},"Attachments":[],"Outcome":1,"ErrorMessage":null,"ErrorStackTrace":null,"DisplayName":"BookProject.Tests.Tests.StockRepositoryTests.GetStocks_ShouldReturnAllStocksMatchingSearchTerm","Messages":[],"ComputerName":"GIGABYTE-G5","Duration":"00:00:00.0331262","StartTime":"2024-12-08T00:53:33.9509122+00:00","EndTime":"2024-12-08T00:53:33.9509128+00:00","Properties":[]},{"TestCase":{"Id":"20893e5e-22ab-6f57-2042-d0e9318fa1ac","FullyQualifiedName":"BookProject.Tests.Tests.StockRepositoryTests.ManageStock_ShouldAddNewStockIfNotExists","DisplayName":"BookProject.Tests.Tests.StockRepositoryTests.ManageStock_ShouldAddNewStockIfNotExists","ExecutorUri":"executor://xunit/VsTestRunner2/netcoreapp","Source":"C:\\Users\\Konos\\OneDrive\\Documents\\GitHub\\BookProject\\BookProject.Tests\\bin\\Debug\\net8.0\\fine-code-coverage\\build-output\\BookProject.Tests.dll","CodeFilePath":null,"LineNumber":0,"Properties":[]},"Attachments":[],"Outcome":1,"ErrorMessage":null,"ErrorStackTrace":null,"DisplayName":"BookProject.Tests.Tests.StockRepositoryTests.ManageStock_ShouldAddNewStockIfNotExists","Messages":[],"ComputerName":"GIGABYTE-G5","Duration":"00:00:00.0057384","StartTime":"2024-12-08T00:53:33.9566818+00:00","EndTime":"2024-12-08T00:53:33.9566819+00:00","Properties":[]}],"TestRunStatistics":{"ExecutedTests":25,"Stats":{"Passed":25}},"ActiveTests":[{"Id":"12220201-2d17-1bbd-0264-442b0a2c8214","FullyQualifiedName":"BookProject.Tests.Tests.StockRepositoryTests.BookExists_ShouldReturnFalseIfBookDoesNotExist","DisplayName":"BookProject.Tests.Tests.StockRepositoryTests.BookExists_ShouldReturnFalseIfBookDoesNotExist","ExecutorUri":"executor://xunit/VsTestRunner2/netcoreapp","Source":"C:\\Users\\Konos\\OneDrive\\Documents\\GitHub\\BookProject\\BookProject.Tests\\bin\\Debug\\net8.0\\fine-code-coverage\\build-output\\BookProject.Tests.dll","CodeFilePath":null,"LineNumber":0,"Properties":[]}]}}
TpTrace Verbose: 0 : 5512, 14, 2024/12/08, 02:53:33.959, 11668563773673, vstest.console.dll, TestRunRequest:SendTestRunStatsChange: Starting.
TpTrace Verbose: 0 : 5512, 14, 2024/12/08, 02:53:33.959, 11668563774092, vstest.console.dll, InProgress is BookProject.Tests.Tests.StockRepositoryTests.BookExists_ShouldReturnFalseIfBookDoesNotExist
TpTrace Verbose: 0 : 5512, 14, 2024/12/08, 02:53:33.959, 11668563774725, vstest.console.dll, MulticastDelegateUtilities.SafeInvoke: TestRun.RunStatsChanged: Invoking callbacks was skipped because there are no subscribers.
TpTrace Information: 0 : 5512, 14, 2024/12/08, 02:53:33.959, 11668563774928, vstest.console.dll, TestRunRequest:SendTestRunStatsChange: Completed.
TpTrace Verbose: 0 : 5512, 14, 2024/12/08, 02:53:33.959, 11668563775123, vstest.console.dll, MulticastDelegateUtilities.SafeInvoke: LengthPrefixCommunicationChannel: MessageReceived: Invoking callback 1/1 for Microsoft.VisualStudio.TestPlatform.CommunicationUtilities.TestRequestSender+<>c__DisplayClass34_0., took 0 ms.
TpTrace Verbose: 0 : 5512, 14, 2024/12/08, 02:53:33.959, 11668563775317, vstest.console.dll, TcpClientExtensions.MessageLoopAsync: Polling on remoteEndPoint: 127.0.0.1:57419 localEndPoint: 127.0.0.1:57418 after 98 ms
TpTrace Verbose: 0 : 5512, 4, 2024/12/08, 02:53:33.959, 11668563775544, vstest.console.dll, MulticastDelegateUtilities.SafeInvoke: InternalTestLoggerEvents.SendTestResult: Invoking callback 1/1 for Microsoft.VisualStudio.TestPlatform.CommandLine.Internal.ConsoleLogger., took 0 ms.
TpTrace Verbose: 0 : 5512, 4, 2024/12/08, 02:53:33.959, 11668563776165, vstest.console.dll, MulticastDelegateUtilities.SafeInvoke: InternalTestLoggerEvents.SendTestResult: Invoking callback 1/1 for Microsoft.VisualStudio.TestPlatform.CommandLine.Internal.ConsoleLogger., took 0 ms.
TpTrace Verbose: 0 : 5512, 4, 2024/12/08, 02:53:33.959, 11668563776402, vstest.console.dll, MulticastDelegateUtilities.SafeInvoke: InternalTestLoggerEvents.SendTestResult: Invoking callback 1/1 for Microsoft.VisualStudio.TestPlatform.CommandLine.Internal.ConsoleLogger., took 0 ms.
TpTrace Verbose: 0 : 5512, 4, 2024/12/08, 02:53:33.959, 11668563776624, vstest.console.dll, MulticastDelegateUtilities.SafeInvoke: InternalTestLoggerEvents.SendTestResult: Invoking callback 1/1 for Microsoft.VisualStudio.TestPlatform.CommandLine.Internal.ConsoleLogger., took 0 ms.
TpTrace Verbose: 0 : 5512, 4, 2024/12/08, 02:53:33.959, 11668563776896, vstest.console.dll, MulticastDelegateUtilities.SafeInvoke: InternalTestLoggerEvents.SendTestResult: Invoking callback 1/1 for Microsoft.VisualStudio.TestPlatform.CommandLine.Internal.ConsoleLogger., took 0 ms.
TpTrace Verbose: 0 : 5512, 4, 2024/12/08, 02:53:33.959, 11668563777253, vstest.console.dll, MulticastDelegateUtilities.SafeInvoke: InternalTestLoggerEvents.SendTestResult: Invoking callback 1/1 for Microsoft.VisualStudio.TestPlatform.CommandLine.Internal.ConsoleLogger., took 0 ms.
TpTrace Verbose: 0 : 5512, 4, 2024/12/08, 02:53:33.959, 11668563777533, vstest.console.dll, MulticastDelegateUtilities.SafeInvoke: InternalTestLoggerEvents.SendTestResult: Invoking callback 1/1 for Microsoft.VisualStudio.TestPlatform.CommandLine.Internal.ConsoleLogger., took 0 ms.
TpTrace Verbose: 0 : 5512, 4, 2024/12/08, 02:53:33.959, 11668563777819, vstest.console.dll, MulticastDelegateUtilities.SafeInvoke: InternalTestLoggerEvents.SendTestResult: Invoking callback 1/1 for Microsoft.VisualStudio.TestPlatform.CommandLine.Internal.ConsoleLogger., took 0 ms.
TpTrace Verbose: 0 : 5512, 4, 2024/12/08, 02:53:33.959, 11668563778055, vstest.console.dll, MulticastDelegateUtilities.SafeInvoke: InternalTestLoggerEvents.SendTestResult: Invoking callback 1/1 for Microsoft.VisualStudio.TestPlatform.CommandLine.Internal.ConsoleLogger., took 0 ms.
TpTrace Verbose: 0 : 5512, 14, 2024/12/08, 02:53:34.000, 11668564191137, vstest.console.dll, TcpClientExtensions.MessageLoopAsync: NotifyDataAvailable remoteEndPoint: 127.0.0.1:57419 localEndPoint: 127.0.0.1:57418
TpTrace Verbose: 0 : 5512, 14, 2024/12/08, 02:53:34.000, 11668564192251, vstest.console.dll, TestRequestSender.OnExecutionMessageReceived: Received message: {"Version":7,"MessageType":"TestSession.Message","Payload":{"MessageLevel":0,"Message":"[xUnit.net 00:00:00.84]   Finished:    BookProject.Tests"}}
TpTrace Verbose: 0 : 5512, 14, 2024/12/08, 02:53:34.001, 11668564193160, vstest.console.dll, TestRunRequest:SendTestRunMessage: Starting.
TpTrace Verbose: 0 : 5512, 14, 2024/12/08, 02:53:34.001, 11668564193639, vstest.console.dll, MulticastDelegateUtilities.SafeInvoke: TestRun.LogMessages: Invoking callback 1/1 for Microsoft.VisualStudio.TestPlatform.CommandLine.TestRunResultAggregator., took 0 ms.
TpTrace Information: 0 : 5512, 14, 2024/12/08, 02:53:34.001, 11668564193843, vstest.console.dll, TestRunRequest:SendTestRunMessage: Completed.
TpTrace Verbose: 0 : 5512, 14, 2024/12/08, 02:53:34.001, 11668564194018, vstest.console.dll, MulticastDelegateUtilities.SafeInvoke: LengthPrefixCommunicationChannel: MessageReceived: Invoking callback 1/1 for Microsoft.VisualStudio.TestPlatform.CommunicationUtilities.TestRequestSender+<>c__DisplayClass34_0., took 0 ms.
TpTrace Verbose: 0 : 5512, 14, 2024/12/08, 02:53:34.001, 11668564194212, vstest.console.dll, TcpClientExtensions.MessageLoopAsync: Polling on remoteEndPoint: 127.0.0.1:57419 localEndPoint: 127.0.0.1:57418 after 41 ms
TpTrace Verbose: 0 : 5512, 4, 2024/12/08, 02:53:34.001, 11668564194323, vstest.console.dll, MulticastDelegateUtilities.SafeInvoke: InternalTestLoggerEvents.SendTestRunMessage: Invoking callback 1/1 for Microsoft.VisualStudio.TestPlatform.CommandLine.Internal.ConsoleLogger., took 0 ms.
TpTrace Verbose: 0 : 5512, 14, 2024/12/08, 02:53:34.010, 11668564287597, vstest.console.dll, TcpClientExtensions.MessageLoopAsync: NotifyDataAvailable remoteEndPoint: 127.0.0.1:57419 localEndPoint: 127.0.0.1:57418
TpTrace Verbose: 0 : 5512, 14, 2024/12/08, 02:53:34.010, 11668564289215, vstest.console.dll, TestRequestSender.OnExecutionMessageReceived: Received message: {"Version":7,"MessageType":"TestExecution.Completed","Payload":{"TestRunCompleteArgs":{"TestRunStatistics":{"ExecutedTests":33,"Stats":{"Passed":33}},"IsCanceled":false,"IsAborted":false,"Error":null,"AttachmentSets":[],"InvokedDataCollectors":[],"ElapsedTimeInRunningTests":"00:00:00.8563772","Metrics":{},"DiscoveredExtensions":{"TestDiscoverers":["Xunit.Runner.VisualStudio.VsTestRunner, xunit.runner.visualstudio.dotnetcore.testadapter, Version=2.5.0.0, Culture=neutral, PublicKeyToken=null"],"TestExecutors":["executor://xunit/VsTestRunner2/netcoreapp"],"TestExecutors2":[],"TestSettingsProviders":[]}},"LastRunTests":{"NewTestResults":[{"TestCase":{"Id":"e8e2b953-feaa-5b80-8839-679a46c148ad","FullyQualifiedName":"BookProject.Tests.Tests.CartRepositoryTests.GetUserCart_ShouldReturnCartWithDetails","DisplayName":"BookProject.Tests.Tests.CartRepositoryTests.GetUserCart_ShouldReturnCartWithDetails","ExecutorUri":"executor://xunit/VsTestRunner2/netcoreapp","Source":"C:\\Users\\Konos\\OneDrive\\Documents\\GitHub\\BookProject\\BookProject.Tests\\bin\\Debug\\net8.0\\fine-code-coverage\\build-output\\BookProject.Tests.dll","CodeFilePath":null,"LineNumber":0,"Properties":[]},"Attachments":[],"Outcome":1,"ErrorMessage":null,"ErrorStackTrace":null,"DisplayName":"BookProject.Tests.Tests.CartRepositoryTests.GetUserCart_ShouldReturnCartWithDetails","Messages":[],"ComputerName":"GIGABYTE-G5","Duration":"00:00:00.6777232","StartTime":"2024-12-08T00:53:33.9605268+00:00","EndTime":"2024-12-08T00:53:33.9605269+00:00","Properties":[]},{"TestCase":{"Id":"12220201-2d17-1bbd-0264-442b0a2c8214","FullyQualifiedName":"BookProject.Tests.Tests.StockRepositoryTests.BookExists_ShouldReturnFalseIfBookDoesNotExist","DisplayName":"BookProject.Tests.Tests.StockRepositoryTests.BookExists_ShouldReturnFalseIfBookDoesNotExist","ExecutorUri":"executor://xunit/VsTestRunner2/netcoreapp","Source":"C:\\Users\\Konos\\OneDrive\\Documents\\GitHub\\BookProject\\BookProject.Tests\\bin\\Debug\\net8.0\\fine-code-coverage\\build-output\\BookProject.Tests.dll","CodeFilePath":null,"LineNumber":0,"Properties":[]},"Attachments":[],"Outcome":1,"ErrorMessage":null,"ErrorStackTrace":null,"DisplayName":"BookProject.Tests.Tests.StockRepositoryTests.BookExists_ShouldReturnFalseIfBookDoesNotExist","Messages":[],"ComputerName":"GIGABYTE-G5","Duration":"00:00:00.0043226","StartTime":"2024-12-08T00:53:33.9626768+00:00","EndTime":"2024-12-08T00:53:33.962677+00:00","Properties":[]},{"TestCase":{"Id":"32a52697-ac87-8bee-8dd7-300a85170f2d","FullyQualifiedName":"BookProject.Tests.Tests.CartRepositoryTests.RemoveItem_ShouldDecreaseQuantity","DisplayName":"BookProject.Tests.Tests.CartRepositoryTests.RemoveItem_ShouldDecreaseQuantity","ExecutorUri":"executor://xunit/VsTestRunner2/netcoreapp","Source":"C:\\Users\\Konos\\OneDrive\\Documents\\GitHub\\BookProject\\BookProject.Tests\\bin\\Debug\\net8.0\\fine-code-coverage\\build-output\\BookProject.Tests.dll","CodeFilePath":null,"LineNumber":0,"Properties":[]},"Attachments":[],"Outcome":1,"ErrorMessage":null,"ErrorStackTrace":null,"DisplayName":"BookProject.Tests.Tests.CartRepositoryTests.RemoveItem_ShouldDecreaseQuantity","Messages":[],"ComputerName":"GIGABYTE-G5","Duration":"00:00:00.0136292","StartTime":"2024-12-08T00:53:33.9742851+00:00","EndTime":"2024-12-08T00:53:33.9742853+00:00","Properties":[]},{"TestCase":{"Id":"1c4323cb-67d0-dc26-0740-bd30a551a8e4","FullyQualifiedName":"BookProject.Tests.Tests.CartRepositoryTests.GetBookQuantityInCart_ShouldReturnCorrectQuantity","DisplayName":"BookProject.Tests.Tests.CartRepositoryTests.GetBookQuantityInCart_ShouldReturnCorrectQuantity","ExecutorUri":"executor://xunit/VsTestRunner2/netcoreapp","Source":"C:\\Users\\Konos\\OneDrive\\Documents\\GitHub\\BookProject\\BookProject.Tests\\bin\\Debug\\net8.0\\fine-code-coverage\\build-output\\BookProject.Tests.dll","CodeFilePath":null,"LineNumber":0,"Properties":[]},"Attachments":[],"Outcome":1,"ErrorMessage":null,"ErrorStackTrace":null,"DisplayName":"BookProject.Tests.Tests.CartRepositoryTests.GetBookQuantityInCart_ShouldReturnCorrectQuantity","Messages":[],"ComputerName":"GIGABYTE-G5","Duration":"00:00:00.0083286","StartTime":"2024-12-08T00:53:33.9827026+00:00","EndTime":"2024-12-08T00:53:33.9827028+00:00","Properties":[]},{"TestCase":{"Id":"736c7dbc-10c7-13dd-377a-86f213c395e3","FullyQualifiedName":"BookProject.Tests.Tests.CartRepositoryTests.AddItem_ShouldAddNewItemToCart","DisplayName":"BookProject.Tests.Tests.CartRepositoryTests.AddItem_ShouldAddNewItemToCart","ExecutorUri":"executor://xunit/VsTestRunner2/netcoreapp","Source":"C:\\Users\\Konos\\OneDrive\\Documents\\GitHub\\BookProject\\BookProject.Tests\\bin\\Debug\\net8.0\\fine-code-coverage\\build-output\\BookProject.Tests.dll","CodeFilePath":null,"LineNumber":0,"Properties":[]},"Attachments":[],"Outcome":1,"ErrorMessage":null,"ErrorStackTrace":null,"DisplayName":"BookProject.Tests.Tests.CartRepositoryTests.AddItem_ShouldAddNewItemToCart","Messages":[],"ComputerName":"GIGABYTE-G5","Duration":"00:00:00.0034254","StartTime":"2024-12-08T00:53:33.9862111+00:00","EndTime":"2024-12-08T00:53:33.9862113+00:00","Properties":[]},{"TestCase":{"Id":"2928e1aa-00c2-e36b-4931-ebb4173cf406","FullyQualifiedName":"BookProject.Tests.Tests.CartRepositoryTests.RemoveItem_ShouldRemoveItemIfQuantityReachesZero","DisplayName":"BookProject.Tests.Tests.CartRepositoryTests.RemoveItem_ShouldRemoveItemIfQuantityReachesZero","ExecutorUri":"executor://xunit/VsTestRunner2/netcoreapp","Source":"C:\\Users\\Konos\\OneDrive\\Documents\\GitHub\\BookProject\\BookProject.Tests\\bin\\Debug\\net8.0\\fine-code-coverage\\build-output\\BookProject.Tests.dll","CodeFilePath":null,"LineNumber":0,"Properties":[]},"Attachments":[],"Outcome":1,"ErrorMessage":null,"ErrorStackTrace":null,"DisplayName":"BookProject.Tests.Tests.CartRepositoryTests.RemoveItem_ShouldRemoveItemIfQuantityReachesZero","Messages":[],"ComputerName":"GIGABYTE-G5","Duration":"00:00:00.0045519","StartTime":"2024-12-08T00:53:33.9908327+00:00","EndTime":"2024-12-08T00:53:33.9908328+00:00","Properties":[]},{"TestCase":{"Id":"1b02e2d0-e65f-804f-ffc6-450d891d37dc","FullyQualifiedName":"BookProject.Tests.Tests.CartRepositoryTests.AddItem_ShouldIncrementQuantityIfItemExists","DisplayName":"BookProject.Tests.Tests.CartRepositoryTests.AddItem_ShouldIncrementQuantityIfItemExists","ExecutorUri":"executor://xunit/VsTestRunner2/netcoreapp","Source":"C:\\Users\\Konos\\OneDrive\\Documents\\GitHub\\BookProject\\BookProject.Tests\\bin\\Debug\\net8.0\\fine-code-coverage\\build-output\\BookProject.Tests.dll","CodeFilePath":null,"LineNumber":0,"Properties":[]},"Attachments":[],"Outcome":1,"ErrorMessage":null,"ErrorStackTrace":null,"DisplayName":"BookProject.Tests.Tests.CartRepositoryTests.AddItem_ShouldIncrementQuantityIfItemExists","Messages":[],"ComputerName":"GIGABYTE-G5","Duration":"00:00:00.0036852","StartTime":"2024-12-08T00:53:33.994563+00:00","EndTime":"2024-12-08T00:53:33.9945631+00:00","Properties":[]},{"TestCase":{"Id":"433e465d-eb3e-be47-72dd-1680dd04cfb5","FullyQualifiedName":"BookProject.Tests.Tests.CartRepositoryTests.GetCartItemCount_ShouldReturnCorrectCount","DisplayName":"BookProject.Tests.Tests.CartRepositoryTests.GetCartItemCount_ShouldReturnCorrectCount","ExecutorUri":"executor://xunit/VsTestRunner2/netcoreapp","Source":"C:\\Users\\Konos\\OneDrive\\Documents\\GitHub\\BookProject\\BookProject.Tests\\bin\\Debug\\net8.0\\fine-code-coverage\\build-output\\BookProject.Tests.dll","CodeFilePath":null,"LineNumber":0,"Properties":[]},"Attachments":[],"Outcome":1,"ErrorMessage":null,"ErrorStackTrace":null,"DisplayName":"BookProject.Tests.Tests.CartRepositoryTests.GetCartItemCount_ShouldReturnCorrectCount","Messages":[],"ComputerName":"GIGABYTE-G5","Duration":"00:00:00.0035695","StartTime":"2024-12-08T00:53:33.998228+00:00","EndTime":"2024-12-08T00:53:33.9982282+00:00","Properties":[]}],"TestRunStatistics":{"ExecutedTests":33,"Stats":{"Passed":33}},"ActiveTests":[]},"RunAttachments":[],"ExecutorUris":["executor://xunit/VsTestRunner2/netcoreapp"]}}
TpTrace Verbose: 0 : 5512, 14, 2024/12/08, 02:53:34.010, 11668564290218, vstest.console.dll, TestRequestSender.EndSession: Sending end session.
TpTrace Verbose: 0 : 5512, 14, 2024/12/08, 02:53:34.010, 11668564291329, vstest.console.dll, ProxyOperationManager.Close: waiting for test host to exit for 100 ms
TpTrace Verbose: 0 : 5512, 12, 2024/12/08, 02:53:34.040, 11668564585643, vstest.console.dll, TestHostManagerCallbacks.StandardOutputReceivedCallback Test host standard output line: 
TpTrace Warning: 0 : 5512, 7, 2024/12/08, 02:53:34.040, 11668564585807, vstest.console.dll, TestHostManagerCallbacks.ErrorReceivedCallback Test host standard error line: 
TpTrace Verbose: 0 : 5512, 7, 2024/12/08, 02:53:34.059, 11668564774841, vstest.console.dll, TestHostProvider.ExitCallBack: Host exited starting callback.
TpTrace Information: 0 : 5512, 7, 2024/12/08, 02:53:34.059, 11668564776527, vstest.console.dll, TestHostManagerCallbacks.ExitCallBack: Testhost processId: 24008 exited with exitcode: 0 error: ''
TpTrace Verbose: 0 : 5512, 7, 2024/12/08, 02:53:34.059, 11668564776912, vstest.console.dll, DotnetTestHostManager.OnHostExited: invoking OnHostExited callback
TpTrace Verbose: 0 : 5512, 7, 2024/12/08, 02:53:34.059, 11668564777447, vstest.console.dll, CrossPlatEngine.TestHostManagerHostExited: calling on client process exit callback.
TpTrace Information: 0 : 5512, 7, 2024/12/08, 02:53:34.059, 11668564777993, vstest.console.dll, TestRequestSender.OnClientProcessExit: Test host process exited. Standard error: 
TpTrace Information: 0 : 5512, 7, 2024/12/08, 02:53:34.059, 11668564778433, vstest.console.dll, SocketServer.Stop: Stop server endPoint: 127.0.0.1:57418
TpTrace Information: 0 : 5512, 7, 2024/12/08, 02:53:34.059, 11668564778693, vstest.console.dll, SocketServer.Stop: Cancellation requested. Stopping message loop.
TpTrace Verbose: 0 : 5512, 7, 2024/12/08, 02:53:34.059, 11668564780811, vstest.console.dll, MulticastDelegateUtilities.SafeInvoke: HostProviderEvents.OnHostExited: Invoking callback 1/1 for Microsoft.VisualStudio.TestPlatform.CrossPlatEngine.Client.ProxyOperationManager., took 0 ms.
TpTrace Information: 0 : 5512, 14, 2024/12/08, 02:53:34.059, 11668564780807, vstest.console.dll, SocketServer.Stop: Stop server endPoint: 127.0.0.1:57418
TpTrace Information: 0 : 5512, 14, 2024/12/08, 02:53:34.059, 11668564782071, vstest.console.dll, SocketServer.Stop: Cancellation requested. Stopping message loop.
TpTrace Information: 0 : 5512, 14, 2024/12/08, 02:53:34.060, 11668564782632, vstest.console.dll, Closing the connection
TpTrace Verbose: 0 : 5512, 14, 2024/12/08, 02:53:34.060, 11668564785080, vstest.console.dll, ProxyDataCollectionManager.InvokeDataCollectionServiceAction: Starting.
TpTrace Information: 0 : 5512, 14, 2024/12/08, 02:53:34.060, 11668564785511, vstest.console.dll, ProxyDataCollectionManager.AfterTestRunEnd: Get attachment set and invoked data collectors processId: 28160 port: 57413
TpTrace Verbose: 0 : 5512, 14, 2024/12/08, 02:53:34.060, 11668564785981, vstest.console.dll, DataCollectionRequestSender.SendAfterTestRunStartAndGetResult: Send AfterTestRunEnd message with isCancelled: False
TpTrace Verbose: 0 : 5512, 14, 2024/12/08, 02:53:34.069, 11668564875963, vstest.console.dll, DataCollectionRequestSender.SendAfterTestRunStartAndGetResult: Received message: (DataCollection.AfterTestRunEndResult) -> {"MessageType":"DataCollection.AfterTestRunEndResult","Payload":{"AttachmentSets":[],"InvokedDataCollectors":[{"Uri":"datacollector://Microsoft/TestPlatform/Extensions/Blame/v1","FriendlyName":"Blame","AssemblyQualifiedName":"Microsoft.TestPlatform.Extensions.BlameDataCollector.BlameCollector, Microsoft.TestPlatform.Extensions.BlameDataCollector, Version=15.0.0.0, Culture=neutral, PublicKeyToken=b03f5f7f11d50a3a","FilePath":"C:\\Program Files\\dotnet\\sdk\\8.0.404\\Extensions\\Microsoft.TestPlatform.Extensions.BlameDataCollector.dll","HasAttachmentProcessor":false}],"Metrics":{}}}
TpTrace Warning: 0 : 5512, 11, 2024/12/08, 02:53:34.074, 11668564931157, vstest.console.dll, DataCollectionLauncher.ErrorReceivedCallback datacollector standard error line: 
TpTrace Information: 0 : 5512, 14, 2024/12/08, 02:53:34.077, 11668564953041, vstest.console.dll, ProxyDataCollectionManager.InvokeDataCollectionServiceAction: Completed.
TpTrace Information: 0 : 5512, 11, 2024/12/08, 02:53:34.083, 11668565013097, vstest.console.dll, DataCollectionLauncher.ExitCallBack: Data collector exited with exitcode: 0 error: ''
TpTrace Verbose: 0 : 5512, 14, 2024/12/08, 02:53:34.101, 11668565197651, vstest.console.dll, TestRunRequest:SendTestRunStatsChange: Starting.
TpTrace Verbose: 0 : 5512, 14, 2024/12/08, 02:53:34.101, 11668565198683, vstest.console.dll, MulticastDelegateUtilities.SafeInvoke: TestRun.RunStatsChanged: Invoking callbacks was skipped because there are no subscribers.
TpTrace Information: 0 : 5512, 14, 2024/12/08, 02:53:34.101, 11668565198929, vstest.console.dll, TestRunRequest:SendTestRunStatsChange: Completed.
TpTrace Verbose: 0 : 5512, 4, 2024/12/08, 02:53:34.101, 11668565199430, vstest.console.dll, MulticastDelegateUtilities.SafeInvoke: InternalTestLoggerEvents.SendTestResult: Invoking callback 1/1 for Microsoft.VisualStudio.TestPlatform.CommandLine.Internal.ConsoleLogger., took 0 ms.
TpTrace Verbose: 0 : 5512, 4, 2024/12/08, 02:53:34.101, 11668565200161, vstest.console.dll, MulticastDelegateUtilities.SafeInvoke: InternalTestLoggerEvents.SendTestResult: Invoking callback 1/1 for Microsoft.VisualStudio.TestPlatform.CommandLine.Internal.ConsoleLogger., took 0 ms.
TpTrace Verbose: 0 : 5512, 4, 2024/12/08, 02:53:34.101, 11668565200420, vstest.console.dll, MulticastDelegateUtilities.SafeInvoke: InternalTestLoggerEvents.SendTestResult: Invoking callback 1/1 for Microsoft.VisualStudio.TestPlatform.CommandLine.Internal.ConsoleLogger., took 0 ms.
TpTrace Verbose: 0 : 5512, 4, 2024/12/08, 02:53:34.101, 11668565200716, vstest.console.dll, MulticastDelegateUtilities.SafeInvoke: InternalTestLoggerEvents.SendTestResult: Invoking callback 1/1 for Microsoft.VisualStudio.TestPlatform.CommandLine.Internal.ConsoleLogger., took 0 ms.
TpTrace Verbose: 0 : 5512, 14, 2024/12/08, 02:53:34.101, 11668565200918, vstest.console.dll, ParallelProxyExecutionManager: HandlePartialRunComplete: Total workloads = 1, Total started clients = 1 Total completed clients = 1, Run complete = True, Run canceled: False.
TpTrace Verbose: 0 : 5512, 4, 2024/12/08, 02:53:34.101, 11668565200937, vstest.console.dll, MulticastDelegateUtilities.SafeInvoke: InternalTestLoggerEvents.SendTestResult: Invoking callback 1/1 for Microsoft.VisualStudio.TestPlatform.CommandLine.Internal.ConsoleLogger., took 0 ms.
TpTrace Verbose: 0 : 5512, 14, 2024/12/08, 02:53:34.101, 11668565201237, vstest.console.dll, ParallelProxyExecutionManager: HandlePartialRunComplete: All runs completed stopping all managers.
TpTrace Verbose: 0 : 5512, 4, 2024/12/08, 02:53:34.101, 11668565201666, vstest.console.dll, MulticastDelegateUtilities.SafeInvoke: InternalTestLoggerEvents.SendTestResult: Invoking callback 1/1 for Microsoft.VisualStudio.TestPlatform.CommandLine.Internal.ConsoleLogger., took 0 ms.
TpTrace Verbose: 0 : 5512, 4, 2024/12/08, 02:53:34.101, 11668565202067, vstest.console.dll, MulticastDelegateUtilities.SafeInvoke: InternalTestLoggerEvents.SendTestResult: Invoking callback 1/1 for Microsoft.VisualStudio.TestPlatform.CommandLine.Internal.ConsoleLogger., took 0 ms.
TpTrace Verbose: 0 : 5512, 14, 2024/12/08, 02:53:34.101, 11668565202103, vstest.console.dll, ParallelOperationManager.StopAllManagers: Stopping all managers.
TpTrace Verbose: 0 : 5512, 4, 2024/12/08, 02:53:34.101, 11668565202303, vstest.console.dll, MulticastDelegateUtilities.SafeInvoke: InternalTestLoggerEvents.SendTestResult: Invoking callback 1/1 for Microsoft.VisualStudio.TestPlatform.CommandLine.Internal.ConsoleLogger., took 0 ms.
TpTrace Verbose: 0 : 5512, 14, 2024/12/08, 02:53:34.101, 11668565202538, vstest.console.dll, ParallelOperationManager.ClearSlots: Clearing all slots. Slots should accept more work: False
TpTrace Verbose: 0 : 5512, 14, 2024/12/08, 02:53:34.102, 11668565203397, vstest.console.dll, ParallelOperationManager.SetOccupiedSlotCount: Setting slot counts AvailableSlotCount = 1, OccupiedSlotCount = 0.
TpTrace Verbose: 0 : 5512, 14, 2024/12/08, 02:53:34.102, 11668565203731, vstest.console.dll, Occupied slots:

TpTrace Verbose: 0 : 5512, 4, 2024/12/08, 02:53:34.107, 11668565258676, vstest.console.dll, MulticastDelegateUtilities.SafeInvoke: InternalTestLoggerEvents.SendTestRunComplete: Invoking callback 1/2 for Microsoft.TestPlatform.Extensions.BlameDataCollector.BlameLogger., took 0 ms.
TpTrace Verbose: 0 : 5512, 4, 2024/12/08, 02:53:34.111, 11668565299458, vstest.console.dll, MulticastDelegateUtilities.SafeInvoke: InternalTestLoggerEvents.SendTestRunComplete: Invoking callback 2/2 for Microsoft.VisualStudio.TestPlatform.CommandLine.Internal.ConsoleLogger., took 4 ms.
TpTrace Verbose: 0 : 5512, 14, 2024/12/08, 02:53:34.112, 11668565302806, vstest.console.dll, TestRunRequest:TestRunComplete: Starting. IsAborted:False IsCanceled:False.
TpTrace Verbose: 0 : 5512, 14, 2024/12/08, 02:53:34.112, 11668565304406, vstest.console.dll, ParallelOperationManager.DoActionOnAllManagers: Calling an action on all managers.
TpTrace Verbose: 0 : 5512, 14, 2024/12/08, 02:53:34.112, 11668565310338, vstest.console.dll, TestLoggerManager.HandleTestRunComplete: Ignoring as the object is disposed.
TpTrace Verbose: 0 : 5512, 14, 2024/12/08, 02:53:34.112, 11668565311748, vstest.console.dll, MulticastDelegateUtilities.SafeInvoke: TestRun.TestRunComplete: Invoking callback 1/2 for Microsoft.VisualStudio.TestPlatform.CommandLine.TestRunResultAggregator., took 0 ms.
TpTrace Verbose: 0 : 5512, 14, 2024/12/08, 02:53:34.113, 11668565312645, vstest.console.dll, MulticastDelegateUtilities.SafeInvoke: TestRun.TestRunComplete: Invoking callback 2/2 for Microsoft.VisualStudio.TestPlatform.CommandLine.Processors.RunTestsArgumentExecutor+TestRunRequestEventsRegistrar., took 0 ms.
TpTrace Information: 0 : 5512, 14, 2024/12/08, 02:53:34.113, 11668565313628, vstest.console.dll, TestRunRequest:TestRunComplete: Completed.
TpTrace Verbose: 0 : 5512, 14, 2024/12/08, 02:53:34.113, 11668565313918, vstest.console.dll, TestRequestSender.SetOperationComplete: Setting operation complete.
TpTrace Information: 0 : 5512, 14, 2024/12/08, 02:53:34.113, 11668565314094, vstest.console.dll, SocketServer.Stop: Stop server endPoint: 127.0.0.1:57418
TpTrace Information: 0 : 5512, 14, 2024/12/08, 02:53:34.113, 11668565314303, vstest.console.dll, SocketServer.Stop: Cancellation requested. Stopping message loop.
TpTrace Verbose: 0 : 5512, 14, 2024/12/08, 02:53:34.113, 11668565314494, vstest.console.dll, MulticastDelegateUtilities.SafeInvoke: LengthPrefixCommunicationChannel: MessageReceived: Invoking callback 1/1 for Microsoft.VisualStudio.TestPlatform.CommunicationUtilities.TestRequestSender+<>c__DisplayClass34_0., took 102 ms.
TpTrace Information: 0 : 5512, 14, 2024/12/08, 02:53:34.113, 11668565314729, vstest.console.dll, SocketServer.PrivateStop: Stopping server endPoint: 127.0.0.1:57418 error: 
TpTrace Verbose: 0 : 5512, 1, 2024/12/08, 02:53:34.113, 11668565316082, vstest.console.dll, TestRunRequest.Dispose: Starting.
TpTrace Information: 0 : 5512, 1, 2024/12/08, 02:53:34.113, 11668565316709, vstest.console.dll, TestRunRequest.Dispose: Completed.
TpTrace Information: 0 : 5512, 1, 2024/12/08, 02:53:34.113, 11668565317031, vstest.console.dll, TestRequestManager.RunTests: run tests completed.
TpTrace Information: 0 : 5512, 1, 2024/12/08, 02:53:34.113, 11668565317490, vstest.console.dll, RunTestsArgumentProcessor:Execute: Test run is completed.
TpTrace Verbose: 0 : 5512, 14, 2024/12/08, 02:53:34.113, 11668565319031, vstest.console.dll, LengthPrefixCommunicationChannel.Dispose: Dispose reader and writer.
TpTrace Information: 0 : 5512, 14, 2024/12/08, 02:53:34.113, 11668565319711, vstest.console.dll, SocketServer.Stop: Raise disconnected event endPoint: 127.0.0.1:57418 error: 
TpTrace Verbose: 0 : 5512, 1, 2024/12/08, 02:53:34.113, 11668565319103, vstest.console.dll, Executor.Execute: Exiting with exit code of 0
TpTrace Verbose: 0 : 5512, 14, 2024/12/08, 02:53:34.113, 11668565320271, vstest.console.dll, TestRequestSender: OnTestRunAbort: Operation is already complete. Skip error message.
TpTrace Verbose: 0 : 5512, 14, 2024/12/08, 02:53:34.113, 11668565320577, vstest.console.dll, MulticastDelegateUtilities.SafeInvoke: SocketServer: ClientDisconnected: Invoking callback 1/1 for Microsoft.VisualStudio.TestPlatform.CommunicationUtilities.TestRequestSender., took 0 ms.
TpTrace Verbose: 0 : 5512, 14, 2024/12/08, 02:53:34.113, 11668565320748, vstest.console.dll, TcpClientExtensions.MessageLoopAsync: exiting MessageLoopAsync remoteEndPoint: 127.0.0.1:57419 localEndPoint: 127.0.0.1:57418
